2024-04-05 08:24:11 [HikariPool-1 housekeeper] WARN  com.zaxxer.hikari.pool.HikariPool - HikariPool-1 - Thread starvation or clock leap detected (housekeeper delta=8h52m59s800ms885µs600ns).
2024-04-05 08:35:02 [main] INFO  l.w.s.servicesloan.WebServiceTest - Starting WebServiceTest using Java 1.8.0_292 on WPF45HZ5M with PID 27240 (started by xxnlnnpa in C:\Users\xxnlnnpa\Documents\DLTE-JAVA-FULLSTACK-AKASH-2024\JAVA-DLTE-PROJECT\servicesloan)
2024-04-05 08:35:02 [main] INFO  l.w.s.servicesloan.WebServiceTest - No active profile set, falling back to 1 default profile: "default"
2024-04-05 08:35:03 [main] INFO  o.s.d.r.c.RepositoryConfigurationDelegate - Bootstrapping Spring Data JDBC repositories in DEFAULT mode.
2024-04-05 08:35:03 [main] INFO  o.s.d.r.c.RepositoryConfigurationDelegate - Finished Spring Data repository scanning in 18 ms. Found 0 JDBC repository interfaces.
2024-04-05 08:35:03 [main] INFO  o.s.c.s.PostProcessorRegistrationDelegate$BeanPostProcessorChecker - Bean 'soapServiceConfiguration' of type [loan.web.services.servicesloan.configs.SoapServiceConfiguration$$EnhancerBySpringCGLIB$$df90277b] is not eligible for getting processed by all BeanPostProcessors (for example: not eligible for auto-proxying)
2024-04-05 08:35:03 [main] INFO  o.s.c.s.PostProcessorRegistrationDelegate$BeanPostProcessorChecker - Bean 'org.springframework.ws.config.annotation.DelegatingWsConfiguration' of type [org.springframework.ws.config.annotation.DelegatingWsConfiguration$$EnhancerBySpringCGLIB$$635a97e4] is not eligible for getting processed by all BeanPostProcessors (for example: not eligible for auto-proxying)
2024-04-05 08:35:04 [main] INFO  o.s.w.s.a.s.AnnotationActionEndpointMapping - Supporting [WS-Addressing August 2004, WS-Addressing 1.0]
2024-04-05 08:35:05 [main] INFO  com.zaxxer.hikari.HikariDataSource - HikariPool-1 - Starting...
2024-04-05 08:35:05 [main] WARN  c.z.hikari.util.DriverDataSource - Registered driver with driverClassName=oracle.jdbc.driver.OracleDriver was not found, trying direct instantiation.
2024-04-05 08:35:05 [main] INFO  com.zaxxer.hikari.pool.PoolBase - HikariPool-1 - Driver does not support get/set network timeout for connections. (oracle.jdbc.driver.T4CConnection.getNetworkTimeout()I)
2024-04-05 08:35:05 [main] INFO  com.zaxxer.hikari.HikariDataSource - HikariPool-1 - Start completed.
2024-04-05 08:35:05 [main] INFO  l.w.s.servicesloan.WebServiceTest - Started WebServiceTest in 3.734 seconds (JVM running for 5.089)
2024-04-05 08:35:05 [main] INFO  l.d.p.loan.services.LoanServices - All data loaded to server
2024-04-05 08:35:06 [SpringApplicationShutdownHook] INFO  com.zaxxer.hikari.HikariDataSource - HikariPool-1 - Shutdown initiated...
2024-04-05 08:35:06 [SpringApplicationShutdownHook] INFO  com.zaxxer.hikari.HikariDataSource - HikariPool-1 - Shutdown completed.
2024-04-05 08:36:24 [main] INFO  l.w.s.servicesloan.WebServiceTest - Starting WebServiceTest using Java 1.8.0_292 on WPF45HZ5M with PID 1944 (started by xxnlnnpa in C:\Users\xxnlnnpa\Documents\DLTE-JAVA-FULLSTACK-AKASH-2024\JAVA-DLTE-PROJECT\servicesloan)
2024-04-05 08:36:24 [main] INFO  l.w.s.servicesloan.WebServiceTest - No active profile set, falling back to 1 default profile: "default"
2024-04-05 08:36:25 [main] INFO  o.s.d.r.c.RepositoryConfigurationDelegate - Bootstrapping Spring Data JDBC repositories in DEFAULT mode.
2024-04-05 08:36:25 [main] INFO  o.s.d.r.c.RepositoryConfigurationDelegate - Finished Spring Data repository scanning in 7 ms. Found 0 JDBC repository interfaces.
2024-04-05 08:36:25 [main] INFO  o.s.c.s.PostProcessorRegistrationDelegate$BeanPostProcessorChecker - Bean 'soapServiceConfiguration' of type [loan.web.services.servicesloan.configs.SoapServiceConfiguration$$EnhancerBySpringCGLIB$$6ad8fcb8] is not eligible for getting processed by all BeanPostProcessors (for example: not eligible for auto-proxying)
2024-04-05 08:36:25 [main] INFO  o.s.c.s.PostProcessorRegistrationDelegate$BeanPostProcessorChecker - Bean 'org.springframework.ws.config.annotation.DelegatingWsConfiguration' of type [org.springframework.ws.config.annotation.DelegatingWsConfiguration$$EnhancerBySpringCGLIB$$eea36d21] is not eligible for getting processed by all BeanPostProcessors (for example: not eligible for auto-proxying)
2024-04-05 08:36:25 [main] INFO  o.s.w.s.a.s.AnnotationActionEndpointMapping - Supporting [WS-Addressing August 2004, WS-Addressing 1.0]
2024-04-05 08:36:26 [main] INFO  com.zaxxer.hikari.HikariDataSource - HikariPool-1 - Starting...
2024-04-05 08:36:26 [main] WARN  c.z.hikari.util.DriverDataSource - Registered driver with driverClassName=oracle.jdbc.driver.OracleDriver was not found, trying direct instantiation.
2024-04-05 08:36:27 [main] INFO  com.zaxxer.hikari.pool.PoolBase - HikariPool-1 - Driver does not support get/set network timeout for connections. (oracle.jdbc.driver.T4CConnection.getNetworkTimeout()I)
2024-04-05 08:36:27 [main] INFO  com.zaxxer.hikari.HikariDataSource - HikariPool-1 - Start completed.
2024-04-05 08:36:27 [main] INFO  l.w.s.servicesloan.WebServiceTest - Started WebServiceTest in 3.407 seconds (JVM running for 4.586)
2024-04-05 08:36:27 [main] INFO  l.d.p.loan.services.LoanServices - Exception occured in data
2024-04-05 08:36:27 [SpringApplicationShutdownHook] INFO  com.zaxxer.hikari.HikariDataSource - HikariPool-1 - Shutdown initiated...
2024-04-05 08:36:27 [SpringApplicationShutdownHook] INFO  com.zaxxer.hikari.HikariDataSource - HikariPool-1 - Shutdown completed.
2024-04-05 08:47:35 [main] INFO  loan.dao.project.loan.LoanDaoTesting - Starting LoanDaoTesting using Java 1.8.0_292 on WPF45HZ5M with PID 7984 (started by xxnlnnpa in C:\Users\xxnlnnpa\Documents\DLTE-JAVA-FULLSTACK-AKASH-2024\JAVA-DLTE-PROJECT\DAO_LOAN_PROJECT)
2024-04-05 08:47:35 [main] INFO  loan.dao.project.loan.LoanDaoTesting - No active profile set, falling back to 1 default profile: "default"
2024-04-05 08:47:36 [main] INFO  o.s.d.r.c.RepositoryConfigurationDelegate - Bootstrapping Spring Data JDBC repositories in DEFAULT mode.
2024-04-05 08:47:36 [main] INFO  o.s.d.r.c.RepositoryConfigurationDelegate - Finished Spring Data repository scanning in 8 ms. Found 0 JDBC repository interfaces.
2024-04-05 08:47:36 [main] INFO  com.zaxxer.hikari.HikariDataSource - HikariPool-1 - Starting...
2024-04-05 08:47:36 [main] WARN  c.z.hikari.util.DriverDataSource - Registered driver with driverClassName=oracle.jdbc.driver.OracleDriver was not found, trying direct instantiation.
2024-04-05 08:47:37 [main] INFO  com.zaxxer.hikari.pool.PoolBase - HikariPool-1 - Driver does not support get/set network timeout for connections. (oracle.jdbc.driver.T4CConnection.getNetworkTimeout()I)
2024-04-05 08:47:37 [main] INFO  com.zaxxer.hikari.HikariDataSource - HikariPool-1 - Start completed.
2024-04-05 08:47:37 [main] INFO  loan.dao.project.loan.LoanDaoTesting - Started LoanDaoTesting in 1.716 seconds (JVM running for 3.912)
2024-04-05 08:47:37 [main] INFO  l.d.p.loan.services.LoanServices - Executing query to fetch all available loans
2024-04-05 08:47:37 [main] WARN  l.d.p.loan.services.LoanServices - No loan available,sorry
2024-04-05 08:47:37 [SpringApplicationShutdownHook] INFO  com.zaxxer.hikari.HikariDataSource - HikariPool-1 - Shutdown initiated...
2024-04-05 08:47:37 [SpringApplicationShutdownHook] INFO  com.zaxxer.hikari.HikariDataSource - HikariPool-1 - Shutdown completed.
2024-04-05 08:48:46 [main] INFO  loan.dao.project.loan.LoanDaoTesting - Starting LoanDaoTesting using Java 1.8.0_292 on WPF45HZ5M with PID 27508 (started by xxnlnnpa in C:\Users\xxnlnnpa\Documents\DLTE-JAVA-FULLSTACK-AKASH-2024\JAVA-DLTE-PROJECT\DAO_LOAN_PROJECT)
2024-04-05 08:48:46 [main] INFO  loan.dao.project.loan.LoanDaoTesting - No active profile set, falling back to 1 default profile: "default"
2024-04-05 08:48:47 [main] INFO  o.s.d.r.c.RepositoryConfigurationDelegate - Bootstrapping Spring Data JDBC repositories in DEFAULT mode.
2024-04-05 08:48:47 [main] INFO  o.s.d.r.c.RepositoryConfigurationDelegate - Finished Spring Data repository scanning in 6 ms. Found 0 JDBC repository interfaces.
2024-04-05 08:48:47 [main] INFO  com.zaxxer.hikari.HikariDataSource - HikariPool-1 - Starting...
2024-04-05 08:48:47 [main] WARN  c.z.hikari.util.DriverDataSource - Registered driver with driverClassName=oracle.jdbc.driver.OracleDriver was not found, trying direct instantiation.
2024-04-05 08:48:48 [main] INFO  com.zaxxer.hikari.pool.PoolBase - HikariPool-1 - Driver does not support get/set network timeout for connections. (oracle.jdbc.driver.T4CConnection.getNetworkTimeout()I)
2024-04-05 08:48:48 [main] INFO  com.zaxxer.hikari.HikariDataSource - HikariPool-1 - Start completed.
2024-04-05 08:48:48 [main] INFO  loan.dao.project.loan.LoanDaoTesting - Started LoanDaoTesting in 1.681 seconds (JVM running for 3.926)
2024-04-05 08:48:48 [main] INFO  l.d.p.loan.services.LoanServices - Executing query to fetch all available loans
2024-04-05 08:48:48 [main] WARN  l.d.p.loan.services.LoanServices - No loan available,sorry
2024-04-05 08:48:48 [SpringApplicationShutdownHook] INFO  com.zaxxer.hikari.HikariDataSource - HikariPool-1 - Shutdown initiated...
2024-04-05 08:48:48 [SpringApplicationShutdownHook] INFO  com.zaxxer.hikari.HikariDataSource - HikariPool-1 - Shutdown completed.
2024-04-05 08:50:41 [main] INFO  l.w.s.servicesloan.WebServiceTest - Starting WebServiceTest using Java 1.8.0_292 on WPF45HZ5M with PID 9660 (started by xxnlnnpa in C:\Users\xxnlnnpa\Documents\DLTE-JAVA-FULLSTACK-AKASH-2024\JAVA-DLTE-PROJECT\servicesloan)
2024-04-05 08:50:41 [main] INFO  l.w.s.servicesloan.WebServiceTest - No active profile set, falling back to 1 default profile: "default"
2024-04-05 08:50:41 [main] INFO  o.s.d.r.c.RepositoryConfigurationDelegate - Bootstrapping Spring Data JDBC repositories in DEFAULT mode.
2024-04-05 08:50:41 [main] INFO  o.s.d.r.c.RepositoryConfigurationDelegate - Finished Spring Data repository scanning in 7 ms. Found 0 JDBC repository interfaces.
2024-04-05 08:50:42 [main] INFO  o.s.c.s.PostProcessorRegistrationDelegate$BeanPostProcessorChecker - Bean 'soapServiceConfiguration' of type [loan.web.services.servicesloan.configs.SoapServiceConfiguration$$EnhancerBySpringCGLIB$$c6d52b60] is not eligible for getting processed by all BeanPostProcessors (for example: not eligible for auto-proxying)
2024-04-05 08:50:42 [main] INFO  o.s.c.s.PostProcessorRegistrationDelegate$BeanPostProcessorChecker - Bean 'org.springframework.ws.config.annotation.DelegatingWsConfiguration' of type [org.springframework.ws.config.annotation.DelegatingWsConfiguration$$EnhancerBySpringCGLIB$$4a9f9bc9] is not eligible for getting processed by all BeanPostProcessors (for example: not eligible for auto-proxying)
2024-04-05 08:50:42 [main] INFO  o.s.w.s.a.s.AnnotationActionEndpointMapping - Supporting [WS-Addressing August 2004, WS-Addressing 1.0]
2024-04-05 08:50:43 [main] INFO  com.zaxxer.hikari.HikariDataSource - HikariPool-1 - Starting...
2024-04-05 08:50:43 [main] WARN  c.z.hikari.util.DriverDataSource - Registered driver with driverClassName=oracle.jdbc.driver.OracleDriver was not found, trying direct instantiation.
2024-04-05 08:50:44 [main] INFO  com.zaxxer.hikari.pool.PoolBase - HikariPool-1 - Driver does not support get/set network timeout for connections. (oracle.jdbc.driver.T4CConnection.getNetworkTimeout()I)
2024-04-05 08:50:44 [main] INFO  com.zaxxer.hikari.HikariDataSource - HikariPool-1 - Start completed.
2024-04-05 08:50:44 [main] INFO  l.w.s.servicesloan.WebServiceTest - Started WebServiceTest in 3.371 seconds (JVM running for 4.584)
2024-04-05 08:50:44 [main] INFO  l.d.p.loan.services.LoanServices - Exception occured in data
2024-04-05 08:50:44 [SpringApplicationShutdownHook] INFO  com.zaxxer.hikari.HikariDataSource - HikariPool-1 - Shutdown initiated...
2024-04-05 08:50:44 [SpringApplicationShutdownHook] INFO  com.zaxxer.hikari.HikariDataSource - HikariPool-1 - Shutdown completed.
2024-04-05 08:50:49 [main] INFO  l.w.s.servicesloan.WebServiceTest - Starting WebServiceTest using Java 1.8.0_292 on WPF45HZ5M with PID 22156 (started by xxnlnnpa in C:\Users\xxnlnnpa\Documents\DLTE-JAVA-FULLSTACK-AKASH-2024\JAVA-DLTE-PROJECT\servicesloan)
2024-04-05 08:50:49 [main] INFO  l.w.s.servicesloan.WebServiceTest - No active profile set, falling back to 1 default profile: "default"
2024-04-05 08:50:50 [main] INFO  o.s.d.r.c.RepositoryConfigurationDelegate - Bootstrapping Spring Data JDBC repositories in DEFAULT mode.
2024-04-05 08:50:50 [main] INFO  o.s.d.r.c.RepositoryConfigurationDelegate - Finished Spring Data repository scanning in 9 ms. Found 0 JDBC repository interfaces.
2024-04-05 08:50:51 [main] INFO  o.s.c.s.PostProcessorRegistrationDelegate$BeanPostProcessorChecker - Bean 'soapServiceConfiguration' of type [loan.web.services.servicesloan.configs.SoapServiceConfiguration$$EnhancerBySpringCGLIB$$a60a1167] is not eligible for getting processed by all BeanPostProcessors (for example: not eligible for auto-proxying)
2024-04-05 08:50:51 [main] INFO  o.s.c.s.PostProcessorRegistrationDelegate$BeanPostProcessorChecker - Bean 'org.springframework.ws.config.annotation.DelegatingWsConfiguration' of type [org.springframework.ws.config.annotation.DelegatingWsConfiguration$$EnhancerBySpringCGLIB$$29d481d0] is not eligible for getting processed by all BeanPostProcessors (for example: not eligible for auto-proxying)
2024-04-05 08:50:51 [main] INFO  o.s.w.s.a.s.AnnotationActionEndpointMapping - Supporting [WS-Addressing August 2004, WS-Addressing 1.0]
2024-04-05 08:50:52 [main] INFO  com.zaxxer.hikari.HikariDataSource - HikariPool-1 - Starting...
2024-04-05 08:50:52 [main] WARN  c.z.hikari.util.DriverDataSource - Registered driver with driverClassName=oracle.jdbc.driver.OracleDriver was not found, trying direct instantiation.
2024-04-05 08:50:52 [main] INFO  com.zaxxer.hikari.pool.PoolBase - HikariPool-1 - Driver does not support get/set network timeout for connections. (oracle.jdbc.driver.T4CConnection.getNetworkTimeout()I)
2024-04-05 08:50:52 [main] INFO  com.zaxxer.hikari.HikariDataSource - HikariPool-1 - Start completed.
2024-04-05 08:50:53 [main] INFO  l.w.s.servicesloan.WebServiceTest - Started WebServiceTest in 3.783 seconds (JVM running for 4.965)
2024-04-05 08:50:53 [main] INFO  l.d.p.loan.services.LoanServices - Exception occured in data
2024-04-05 08:50:53 [SpringApplicationShutdownHook] INFO  com.zaxxer.hikari.HikariDataSource - HikariPool-1 - Shutdown initiated...
2024-04-05 08:50:53 [SpringApplicationShutdownHook] INFO  com.zaxxer.hikari.HikariDataSource - HikariPool-1 - Shutdown completed.
