2024-04-30 08:57:09 [main] INFO  l.w.s.loanwebservices.RestEndpoint - Starting RestEndpoint using Java 1.8.0_292 on WPF45HZ5M with PID 29860 (started by xxnlnnpa in C:\Users\xxnlnnpa\Documents\DLTE-JAVA-FULLSTACK-AKASH-2024\JAVA-DLTE-PROJECT\loanwebservices)
2024-04-30 08:57:09 [main] INFO  l.w.s.loanwebservices.RestEndpoint - No active profile set, falling back to 1 default profile: "default"
2024-04-30 08:57:10 [main] INFO  o.s.d.r.c.RepositoryConfigurationDelegate - Bootstrapping Spring Data JDBC repositories in DEFAULT mode.
2024-04-30 08:57:10 [main] INFO  o.s.d.r.c.RepositoryConfigurationDelegate - Finished Spring Data repository scanning in 12 ms. Found 0 JDBC repository interfaces.
2024-04-30 08:57:11 [main] INFO  o.s.c.s.PostProcessorRegistrationDelegate$BeanPostProcessorChecker - Bean 'soapServiceConfiguration' of type [loans.web.service.loanwebservices.configs.SoapServiceConfiguration$$EnhancerBySpringCGLIB$$5cd03c3b] is not eligible for getting processed by all BeanPostProcessors (for example: not eligible for auto-proxying)
2024-04-30 08:57:11 [main] INFO  o.s.c.s.PostProcessorRegistrationDelegate$BeanPostProcessorChecker - Bean 'org.springframework.ws.config.annotation.DelegatingWsConfiguration' of type [org.springframework.ws.config.annotation.DelegatingWsConfiguration$$EnhancerBySpringCGLIB$$93a49462] is not eligible for getting processed by all BeanPostProcessors (for example: not eligible for auto-proxying)
2024-04-30 08:57:11 [main] INFO  o.s.w.s.a.s.AnnotationActionEndpointMapping - Supporting [WS-Addressing August 2004, WS-Addressing 1.0]
2024-04-30 08:57:12 [main] INFO  o.s.s.web.DefaultSecurityFilterChain - Will secure any request with [org.springframework.security.web.session.DisableEncodeUrlFilter@50211483, org.springframework.security.web.context.request.async.WebAsyncManagerIntegrationFilter@51ff3c4b, org.springframework.security.web.context.SecurityContextPersistenceFilter@7ce29a2d, org.springframework.security.web.header.HeaderWriterFilter@5c48b72c, org.springframework.web.filter.CorsFilter@1472208d, org.springframework.security.web.authentication.logout.LogoutFilter@7f5fcfe9, org.springframework.security.web.authentication.UsernamePasswordAuthenticationFilter@5bb911c1, org.springframework.security.web.authentication.www.BasicAuthenticationFilter@616a06e3, org.springframework.security.web.savedrequest.RequestCacheAwareFilter@79d7035, org.springframework.security.web.servletapi.SecurityContextHolderAwareRequestFilter@5fffb692, org.springframework.security.web.authentication.AnonymousAuthenticationFilter@35bd8bc9, org.springframework.security.web.session.SessionManagementFilter@62d40e31, org.springframework.security.web.access.ExceptionTranslationFilter@7fd4e815, org.springframework.security.web.access.intercept.FilterSecurityInterceptor@47a4eee2]
2024-04-30 08:57:13 [main] INFO  o.s.b.a.w.s.WelcomePageHandlerMapping - Adding welcome page template: index
2024-04-30 08:57:14 [main] INFO  com.zaxxer.hikari.HikariDataSource - HikariPool-1 - Starting...
2024-04-30 08:57:14 [main] WARN  c.z.hikari.util.DriverDataSource - Registered driver with driverClassName=oracle.jdbc.driver.OracleDriver was not found, trying direct instantiation.
2024-04-30 08:57:14 [main] INFO  com.zaxxer.hikari.pool.PoolBase - HikariPool-1 - Driver does not support get/set network timeout for connections. (oracle.jdbc.driver.T4CConnection.getNetworkTimeout()I)
2024-04-30 08:57:14 [main] INFO  com.zaxxer.hikari.HikariDataSource - HikariPool-1 - Start completed.
2024-04-30 08:57:15 [main] INFO  o.s.b.t.m.w.SpringBootMockServletContext - Initializing Spring TestDispatcherServlet ''
2024-04-30 08:57:15 [main] INFO  o.s.t.w.s.TestDispatcherServlet - Initializing Servlet ''
2024-04-30 08:57:15 [main] INFO  o.s.t.w.s.TestDispatcherServlet - Completed initialization in 0 ms
2024-04-30 08:57:15 [main] INFO  l.w.s.loanwebservices.RestEndpoint - Started RestEndpoint in 6.754 seconds (JVM running for 8.941)
2024-04-30 08:57:15 [main] WARN  o.s.w.s.m.s.DefaultHandlerExceptionResolver - Resolved [org.springframework.http.converter.HttpMessageNotReadableException: JSON parse error: Unexpected character (',' (code 44)): expected a value; nested exception is com.fasterxml.jackson.core.JsonParseException: Unexpected character (',' (code 44)): expected a value<EOL> at [Source: (org.springframework.util.StreamUtils$NonClosingInputStream); line: 3, column: 16]]
2024-04-30 08:57:15 [SpringApplicationShutdownHook] INFO  com.zaxxer.hikari.HikariDataSource - HikariPool-1 - Shutdown initiated...
2024-04-30 08:57:15 [SpringApplicationShutdownHook] INFO  com.zaxxer.hikari.HikariDataSource - HikariPool-1 - Shutdown completed.
2024-04-30 08:57:29 [main] INFO  l.w.s.loanwebservices.RestEndpoint - Starting RestEndpoint using Java 1.8.0_292 on WPF45HZ5M with PID 23384 (started by xxnlnnpa in C:\Users\xxnlnnpa\Documents\DLTE-JAVA-FULLSTACK-AKASH-2024\JAVA-DLTE-PROJECT\loanwebservices)
2024-04-30 08:57:29 [main] INFO  l.w.s.loanwebservices.RestEndpoint - No active profile set, falling back to 1 default profile: "default"
2024-04-30 08:57:29 [main] INFO  o.s.d.r.c.RepositoryConfigurationDelegate - Bootstrapping Spring Data JDBC repositories in DEFAULT mode.
2024-04-30 08:57:29 [main] INFO  o.s.d.r.c.RepositoryConfigurationDelegate - Finished Spring Data repository scanning in 13 ms. Found 0 JDBC repository interfaces.
2024-04-30 08:57:30 [main] INFO  o.s.c.s.PostProcessorRegistrationDelegate$BeanPostProcessorChecker - Bean 'soapServiceConfiguration' of type [loans.web.service.loanwebservices.configs.SoapServiceConfiguration$$EnhancerBySpringCGLIB$$fb45cc6f] is not eligible for getting processed by all BeanPostProcessors (for example: not eligible for auto-proxying)
2024-04-30 08:57:30 [main] INFO  o.s.c.s.PostProcessorRegistrationDelegate$BeanPostProcessorChecker - Bean 'org.springframework.ws.config.annotation.DelegatingWsConfiguration' of type [org.springframework.ws.config.annotation.DelegatingWsConfiguration$$EnhancerBySpringCGLIB$$321a2496] is not eligible for getting processed by all BeanPostProcessors (for example: not eligible for auto-proxying)
2024-04-30 08:57:30 [main] INFO  o.s.w.s.a.s.AnnotationActionEndpointMapping - Supporting [WS-Addressing August 2004, WS-Addressing 1.0]
2024-04-30 08:57:32 [main] INFO  o.s.s.web.DefaultSecurityFilterChain - Will secure any request with [org.springframework.security.web.session.DisableEncodeUrlFilter@51ff3c4b, org.springframework.security.web.context.request.async.WebAsyncManagerIntegrationFilter@1472208d, org.springframework.security.web.context.SecurityContextPersistenceFilter@457a5b2d, org.springframework.security.web.header.HeaderWriterFilter@6e1ae763, org.springframework.web.filter.CorsFilter@35bd8bc9, org.springframework.security.web.authentication.logout.LogoutFilter@707865bd, org.springframework.security.web.authentication.UsernamePasswordAuthenticationFilter@6a55594b, org.springframework.security.web.authentication.www.BasicAuthenticationFilter@42297bdf, org.springframework.security.web.savedrequest.RequestCacheAwareFilter@372461a9, org.springframework.security.web.servletapi.SecurityContextHolderAwareRequestFilter@48cb2d73, org.springframework.security.web.authentication.AnonymousAuthenticationFilter@6de004f1, org.springframework.security.web.session.SessionManagementFilter@650aa077, org.springframework.security.web.access.ExceptionTranslationFilter@5f6b53ed, org.springframework.security.web.access.intercept.FilterSecurityInterceptor@36f6e521]
2024-04-30 08:57:32 [main] INFO  o.s.b.a.w.s.WelcomePageHandlerMapping - Adding welcome page template: index
2024-04-30 08:57:33 [main] INFO  com.zaxxer.hikari.HikariDataSource - HikariPool-1 - Starting...
2024-04-30 08:57:33 [main] WARN  c.z.hikari.util.DriverDataSource - Registered driver with driverClassName=oracle.jdbc.driver.OracleDriver was not found, trying direct instantiation.
2024-04-30 08:57:33 [main] INFO  com.zaxxer.hikari.pool.PoolBase - HikariPool-1 - Driver does not support get/set network timeout for connections. (oracle.jdbc.driver.T4CConnection.getNetworkTimeout()I)
2024-04-30 08:57:33 [main] INFO  com.zaxxer.hikari.HikariDataSource - HikariPool-1 - Start completed.
2024-04-30 08:57:34 [main] INFO  o.s.b.t.m.w.SpringBootMockServletContext - Initializing Spring TestDispatcherServlet ''
2024-04-30 08:57:34 [main] INFO  o.s.t.w.s.TestDispatcherServlet - Initializing Servlet ''
2024-04-30 08:57:34 [main] INFO  o.s.t.w.s.TestDispatcherServlet - Completed initialization in 0 ms
2024-04-30 08:57:34 [main] INFO  l.w.s.loanwebservices.RestEndpoint - Started RestEndpoint in 6.024 seconds (JVM running for 7.299)
2024-04-30 08:57:34 [main] WARN  o.s.w.s.m.s.DefaultHandlerExceptionResolver - Resolved [org.springframework.http.converter.HttpMessageNotReadableException: JSON parse error: Unexpected character (',' (code 44)): expected a value; nested exception is com.fasterxml.jackson.core.JsonParseException: Unexpected character (',' (code 44)): expected a value<EOL> at [Source: (org.springframework.util.StreamUtils$NonClosingInputStream); line: 3, column: 16]]
2024-04-30 08:57:34 [SpringApplicationShutdownHook] INFO  com.zaxxer.hikari.HikariDataSource - HikariPool-1 - Shutdown initiated...
2024-04-30 08:57:34 [SpringApplicationShutdownHook] INFO  com.zaxxer.hikari.HikariDataSource - HikariPool-1 - Shutdown completed.
2024-04-30 08:57:44 [main] INFO  l.w.s.loanwebservices.RestEndpoint - Starting RestEndpoint using Java 1.8.0_292 on WPF45HZ5M with PID 28844 (started by xxnlnnpa in C:\Users\xxnlnnpa\Documents\DLTE-JAVA-FULLSTACK-AKASH-2024\JAVA-DLTE-PROJECT\loanwebservices)
2024-04-30 08:57:44 [main] INFO  l.w.s.loanwebservices.RestEndpoint - No active profile set, falling back to 1 default profile: "default"
2024-04-30 08:57:45 [main] INFO  o.s.d.r.c.RepositoryConfigurationDelegate - Bootstrapping Spring Data JDBC repositories in DEFAULT mode.
2024-04-30 08:57:45 [main] INFO  o.s.d.r.c.RepositoryConfigurationDelegate - Finished Spring Data repository scanning in 14 ms. Found 0 JDBC repository interfaces.
2024-04-30 08:57:46 [main] INFO  o.s.c.s.PostProcessorRegistrationDelegate$BeanPostProcessorChecker - Bean 'soapServiceConfiguration' of type [loans.web.service.loanwebservices.configs.SoapServiceConfiguration$$EnhancerBySpringCGLIB$$8297ae67] is not eligible for getting processed by all BeanPostProcessors (for example: not eligible for auto-proxying)
2024-04-30 08:57:46 [main] INFO  o.s.c.s.PostProcessorRegistrationDelegate$BeanPostProcessorChecker - Bean 'org.springframework.ws.config.annotation.DelegatingWsConfiguration' of type [org.springframework.ws.config.annotation.DelegatingWsConfiguration$$EnhancerBySpringCGLIB$$b96c068e] is not eligible for getting processed by all BeanPostProcessors (for example: not eligible for auto-proxying)
2024-04-30 08:57:46 [main] INFO  o.s.w.s.a.s.AnnotationActionEndpointMapping - Supporting [WS-Addressing August 2004, WS-Addressing 1.0]
2024-04-30 08:57:47 [main] INFO  o.s.s.web.DefaultSecurityFilterChain - Will secure any request with [org.springframework.security.web.session.DisableEncodeUrlFilter@2f9b21d6, org.springframework.security.web.context.request.async.WebAsyncManagerIntegrationFilter@2e0fdbe9, org.springframework.security.web.context.SecurityContextPersistenceFilter@7f5fcfe9, org.springframework.security.web.header.HeaderWriterFilter@5b5f9003, org.springframework.web.filter.CorsFilter@16a3cc88, org.springframework.security.web.authentication.logout.LogoutFilter@3ebc955b, org.springframework.security.web.authentication.UsernamePasswordAuthenticationFilter@38a4e2b0, org.springframework.security.web.authentication.www.BasicAuthenticationFilter@5efe47fd, org.springframework.security.web.savedrequest.RequestCacheAwareFilter@31f77791, org.springframework.security.web.servletapi.SecurityContextHolderAwareRequestFilter@548e43b1, org.springframework.security.web.authentication.AnonymousAuthenticationFilter@696b52bc, org.springframework.security.web.session.SessionManagementFilter@2f9dda71, org.springframework.security.web.access.ExceptionTranslationFilter@7fbf26fc, org.springframework.security.web.access.intercept.FilterSecurityInterceptor@28a6e171]
2024-04-30 08:57:48 [main] INFO  o.s.b.a.w.s.WelcomePageHandlerMapping - Adding welcome page template: index
2024-04-30 08:57:49 [main] INFO  com.zaxxer.hikari.HikariDataSource - HikariPool-1 - Starting...
2024-04-30 08:57:49 [main] WARN  c.z.hikari.util.DriverDataSource - Registered driver with driverClassName=oracle.jdbc.driver.OracleDriver was not found, trying direct instantiation.
2024-04-30 08:57:49 [main] INFO  com.zaxxer.hikari.pool.PoolBase - HikariPool-1 - Driver does not support get/set network timeout for connections. (oracle.jdbc.driver.T4CConnection.getNetworkTimeout()I)
2024-04-30 08:57:49 [main] INFO  com.zaxxer.hikari.HikariDataSource - HikariPool-1 - Start completed.
2024-04-30 08:57:50 [main] INFO  o.s.b.t.m.w.SpringBootMockServletContext - Initializing Spring TestDispatcherServlet ''
2024-04-30 08:57:50 [main] INFO  o.s.t.w.s.TestDispatcherServlet - Initializing Servlet ''
2024-04-30 08:57:50 [main] INFO  o.s.t.w.s.TestDispatcherServlet - Completed initialization in 0 ms
2024-04-30 08:57:50 [main] INFO  l.w.s.loanwebservices.RestEndpoint - Started RestEndpoint in 5.958 seconds (JVM running for 7.273)
2024-04-30 08:57:50 [SpringApplicationShutdownHook] INFO  com.zaxxer.hikari.HikariDataSource - HikariPool-1 - Shutdown initiated...
2024-04-30 08:57:50 [SpringApplicationShutdownHook] INFO  com.zaxxer.hikari.HikariDataSource - HikariPool-1 - Shutdown completed.
2024-04-30 08:58:12 [restartedMain] INFO  l.w.s.l.LoanwebservicesApplication - Starting LoanwebservicesApplication using Java 1.8.0_292 on WPF45HZ5M with PID 23772 (C:\Users\xxnlnnpa\Documents\DLTE-JAVA-FULLSTACK-AKASH-2024\JAVA-DLTE-PROJECT\loanwebservices\target\classes started by xxnlnnpa in C:\Users\xxnlnnpa\Documents\DLTE-JAVA-FULLSTACK-AKASH-2024\JAVA-DLTE-PROJECT\loanwebservices)
2024-04-30 08:58:12 [restartedMain] INFO  l.w.s.l.LoanwebservicesApplication - No active profile set, falling back to 1 default profile: "default"
2024-04-30 08:58:12 [restartedMain] INFO  o.s.b.d.restart.ChangeableUrls - The Class-Path manifest attribute in C:\Users\xxnlnnpa\.m2\repository\com\oracle\database\security\oraclepki\21.5.0.0\oraclepki-21.5.0.0.jar referenced one or more files that do not exist: file:/C:/Users/xxnlnnpa/.m2/repository/com/oracle/database/security/oraclepki/21.5.0.0/osdt_core.jar,file:/C:/Users/xxnlnnpa/.m2/repository/com/oracle/database/security/oraclepki/21.5.0.0/osdt_cert.jar,file:/C:/Users/xxnlnnpa/.m2/repository/com/oracle/database/security/oraclepki/oracle.osdt/osdt_core.jar,file:/C:/Users/xxnlnnpa/.m2/repository/com/oracle/database/security/oraclepki/oracle.osdt/osdt_cert.jar
2024-04-30 08:58:12 [restartedMain] INFO  o.s.b.d.e.DevToolsPropertyDefaultsPostProcessor - Devtools property defaults active! Set 'spring.devtools.add-properties' to 'false' to disable
2024-04-30 08:58:12 [restartedMain] INFO  o.s.b.d.e.DevToolsPropertyDefaultsPostProcessor - For additional web related logging consider setting the 'logging.level.web' property to 'DEBUG'
2024-04-30 08:58:13 [restartedMain] INFO  o.s.d.r.c.RepositoryConfigurationDelegate - Bootstrapping Spring Data JDBC repositories in DEFAULT mode.
2024-04-30 08:58:13 [restartedMain] INFO  o.s.d.r.c.RepositoryConfigurationDelegate - Finished Spring Data repository scanning in 11 ms. Found 0 JDBC repository interfaces.
2024-04-30 08:58:13 [restartedMain] INFO  o.s.c.s.PostProcessorRegistrationDelegate$BeanPostProcessorChecker - Bean 'soapServiceConfiguration' of type [loans.web.service.loanwebservices.configs.SoapServiceConfiguration$$EnhancerBySpringCGLIB$$4db197fa] is not eligible for getting processed by all BeanPostProcessors (for example: not eligible for auto-proxying)
2024-04-30 08:58:13 [restartedMain] INFO  o.s.c.s.PostProcessorRegistrationDelegate$BeanPostProcessorChecker - Bean 'org.springframework.ws.config.annotation.DelegatingWsConfiguration' of type [org.springframework.ws.config.annotation.DelegatingWsConfiguration$$EnhancerBySpringCGLIB$$8485f021] is not eligible for getting processed by all BeanPostProcessors (for example: not eligible for auto-proxying)
2024-04-30 08:58:13 [restartedMain] INFO  o.s.w.s.a.s.AnnotationActionEndpointMapping - Supporting [WS-Addressing August 2004, WS-Addressing 1.0]
2024-04-30 08:58:14 [restartedMain] INFO  o.s.b.w.e.tomcat.TomcatWebServer - Tomcat initialized with port(s): 8088 (http)
2024-04-30 08:58:14 [restartedMain] INFO  o.a.catalina.core.StandardService - Starting service [Tomcat]
2024-04-30 08:58:14 [restartedMain] INFO  o.a.catalina.core.StandardEngine - Starting Servlet engine: [Apache Tomcat/9.0.73]
2024-04-30 08:58:14 [restartedMain] INFO  o.a.c.c.C.[Tomcat].[localhost].[/] - Initializing Spring embedded WebApplicationContext
2024-04-30 08:58:14 [restartedMain] INFO  o.s.b.w.s.c.ServletWebServerApplicationContext - Root WebApplicationContext: initialization completed in 1593 ms
2024-04-30 08:58:14 [restartedMain] INFO  o.s.s.web.DefaultSecurityFilterChain - Will secure any request with [org.springframework.security.web.session.DisableEncodeUrlFilter@4649d4a5, org.springframework.security.web.context.request.async.WebAsyncManagerIntegrationFilter@280b213b, org.springframework.security.web.context.SecurityContextPersistenceFilter@23bab7de, org.springframework.security.web.header.HeaderWriterFilter@43b499fe, org.springframework.web.filter.CorsFilter@351810ff, org.springframework.security.web.authentication.logout.LogoutFilter@8ca9483, org.springframework.security.web.authentication.UsernamePasswordAuthenticationFilter@1328d163, org.springframework.security.web.authentication.www.BasicAuthenticationFilter@1151be7e, org.springframework.security.web.savedrequest.RequestCacheAwareFilter@5efa4fe6, org.springframework.security.web.servletapi.SecurityContextHolderAwareRequestFilter@3332a6df, org.springframework.security.web.authentication.AnonymousAuthenticationFilter@a114abd, org.springframework.security.web.session.SessionManagementFilter@1f96dad8, org.springframework.security.web.access.ExceptionTranslationFilter@53be566f, org.springframework.security.web.access.intercept.FilterSecurityInterceptor@6bc6540b]
2024-04-30 08:58:15 [restartedMain] INFO  o.s.b.a.w.s.WelcomePageHandlerMapping - Adding welcome page template: index
2024-04-30 08:58:15 [restartedMain] INFO  com.zaxxer.hikari.HikariDataSource - HikariPool-1 - Starting...
2024-04-30 08:58:15 [restartedMain] WARN  c.z.hikari.util.DriverDataSource - Registered driver with driverClassName=oracle.jdbc.driver.OracleDriver was not found, trying direct instantiation.
2024-04-30 08:58:16 [restartedMain] INFO  com.zaxxer.hikari.pool.PoolBase - HikariPool-1 - Driver does not support get/set network timeout for connections. (oracle.jdbc.driver.T4CConnection.getNetworkTimeout()I)
2024-04-30 08:58:16 [restartedMain] INFO  com.zaxxer.hikari.HikariDataSource - HikariPool-1 - Start completed.
2024-04-30 08:58:16 [restartedMain] INFO  o.s.b.d.a.OptionalLiveReloadServer - LiveReload server is running on port 35729
2024-04-30 08:58:16 [restartedMain] INFO  o.s.b.w.e.tomcat.TomcatWebServer - Tomcat started on port(s): 8088 (http) with context path ''
2024-04-30 08:58:16 [restartedMain] INFO  l.w.s.l.LoanwebservicesApplication - Started LoanwebservicesApplication in 4.102 seconds (JVM running for 5.002)
2024-04-30 08:58:19 [http-nio-8088-exec-4] INFO  o.a.c.c.C.[Tomcat].[localhost].[/] - Initializing Spring DispatcherServlet 'dispatcherServlet'
2024-04-30 08:58:19 [http-nio-8088-exec-4] INFO  o.s.web.servlet.DispatcherServlet - Initializing Servlet 'dispatcherServlet'
2024-04-30 08:58:19 [http-nio-8088-exec-4] INFO  o.s.web.servlet.DispatcherServlet - Completed initialization in 0 ms
2024-04-30 08:58:38 [http-nio-8088-exec-7] INFO  l.d.p.l.s.CustomerAuthServices - load by username initiated
2024-04-30 08:58:38 [http-nio-8088-exec-7] INFO  l.d.p.l.s.CustomerAuthServices - filtering of customers done
2024-04-30 08:58:38 [http-nio-8088-exec-7] INFO  l.d.p.l.s.CustomerAuthServices - no customer filitered 
2024-04-30 08:58:38 [http-nio-8088-exec-7] INFO  l.d.p.l.s.CustomerAuthServices - find by username initiated
2024-04-30 08:58:38 [http-nio-8088-exec-7] INFO  l.d.p.l.s.CustomerAuthServices - customer attempts updated
2024-04-30 08:58:53 [restartedMain] INFO  l.w.s.l.LoanwebservicesApplication - Starting LoanwebservicesApplication using Java 1.8.0_292 on WPF45HZ5M with PID 21196 (C:\Users\xxnlnnpa\Documents\DLTE-JAVA-FULLSTACK-AKASH-2024\JAVA-DLTE-PROJECT\loanwebservices\target\classes started by xxnlnnpa in C:\Users\xxnlnnpa\Documents\DLTE-JAVA-FULLSTACK-AKASH-2024\JAVA-DLTE-PROJECT\loanwebservices)
2024-04-30 08:58:53 [restartedMain] INFO  l.w.s.l.LoanwebservicesApplication - No active profile set, falling back to 1 default profile: "default"
2024-04-30 08:58:53 [restartedMain] INFO  o.s.b.d.restart.ChangeableUrls - The Class-Path manifest attribute in C:\Users\xxnlnnpa\.m2\repository\com\oracle\database\security\oraclepki\21.5.0.0\oraclepki-21.5.0.0.jar referenced one or more files that do not exist: file:/C:/Users/xxnlnnpa/.m2/repository/com/oracle/database/security/oraclepki/21.5.0.0/osdt_core.jar,file:/C:/Users/xxnlnnpa/.m2/repository/com/oracle/database/security/oraclepki/21.5.0.0/osdt_cert.jar,file:/C:/Users/xxnlnnpa/.m2/repository/com/oracle/database/security/oraclepki/oracle.osdt/osdt_core.jar,file:/C:/Users/xxnlnnpa/.m2/repository/com/oracle/database/security/oraclepki/oracle.osdt/osdt_cert.jar
2024-04-30 08:58:53 [restartedMain] INFO  o.s.b.d.e.DevToolsPropertyDefaultsPostProcessor - Devtools property defaults active! Set 'spring.devtools.add-properties' to 'false' to disable
2024-04-30 08:58:53 [restartedMain] INFO  o.s.b.d.e.DevToolsPropertyDefaultsPostProcessor - For additional web related logging consider setting the 'logging.level.web' property to 'DEBUG'
2024-04-30 08:58:54 [restartedMain] INFO  o.s.d.r.c.RepositoryConfigurationDelegate - Bootstrapping Spring Data JDBC repositories in DEFAULT mode.
2024-04-30 08:58:54 [restartedMain] INFO  o.s.d.r.c.RepositoryConfigurationDelegate - Finished Spring Data repository scanning in 18 ms. Found 0 JDBC repository interfaces.
2024-04-30 08:58:54 [restartedMain] INFO  o.s.c.s.PostProcessorRegistrationDelegate$BeanPostProcessorChecker - Bean 'soapServiceConfiguration' of type [loans.web.service.loanwebservices.configs.SoapServiceConfiguration$$EnhancerBySpringCGLIB$$161964bc] is not eligible for getting processed by all BeanPostProcessors (for example: not eligible for auto-proxying)
2024-04-30 08:58:54 [restartedMain] INFO  o.s.c.s.PostProcessorRegistrationDelegate$BeanPostProcessorChecker - Bean 'org.springframework.ws.config.annotation.DelegatingWsConfiguration' of type [org.springframework.ws.config.annotation.DelegatingWsConfiguration$$EnhancerBySpringCGLIB$$4cedbce3] is not eligible for getting processed by all BeanPostProcessors (for example: not eligible for auto-proxying)
2024-04-30 08:58:54 [restartedMain] INFO  o.s.w.s.a.s.AnnotationActionEndpointMapping - Supporting [WS-Addressing August 2004, WS-Addressing 1.0]
2024-04-30 08:58:55 [restartedMain] INFO  o.s.b.w.e.tomcat.TomcatWebServer - Tomcat initialized with port(s): 8088 (http)
2024-04-30 08:58:55 [restartedMain] INFO  o.a.catalina.core.StandardService - Starting service [Tomcat]
2024-04-30 08:58:55 [restartedMain] INFO  o.a.catalina.core.StandardEngine - Starting Servlet engine: [Apache Tomcat/9.0.73]
2024-04-30 08:58:55 [restartedMain] INFO  o.a.c.c.C.[Tomcat].[localhost].[/] - Initializing Spring embedded WebApplicationContext
2024-04-30 08:58:55 [restartedMain] INFO  o.s.b.w.s.c.ServletWebServerApplicationContext - Root WebApplicationContext: initialization completed in 1608 ms
2024-04-30 08:58:55 [restartedMain] INFO  o.s.s.web.DefaultSecurityFilterChain - Will secure any request with [org.springframework.security.web.session.DisableEncodeUrlFilter@5aae9ceb, org.springframework.security.web.context.request.async.WebAsyncManagerIntegrationFilter@187d14d9, org.springframework.security.web.context.SecurityContextPersistenceFilter@3d55f7ac, org.springframework.security.web.header.HeaderWriterFilter@3c5f4295, org.springframework.web.filter.CorsFilter@23e2fb57, org.springframework.security.web.authentication.logout.LogoutFilter@6ef47fe8, org.springframework.security.web.authentication.UsernamePasswordAuthenticationFilter@34517ac0, org.springframework.security.web.authentication.www.BasicAuthenticationFilter@493db2c, org.springframework.security.web.savedrequest.RequestCacheAwareFilter@7faf08cd, org.springframework.security.web.servletapi.SecurityContextHolderAwareRequestFilter@5479ec62, org.springframework.security.web.authentication.AnonymousAuthenticationFilter@7c914970, org.springframework.security.web.session.SessionManagementFilter@16781239, org.springframework.security.web.access.ExceptionTranslationFilter@18a667bd, org.springframework.security.web.access.intercept.FilterSecurityInterceptor@382797e3]
2024-04-30 08:58:55 [restartedMain] INFO  o.s.b.a.w.s.WelcomePageHandlerMapping - Adding welcome page template: index
2024-04-30 08:58:56 [restartedMain] INFO  com.zaxxer.hikari.HikariDataSource - HikariPool-1 - Starting...
2024-04-30 08:58:56 [restartedMain] WARN  c.z.hikari.util.DriverDataSource - Registered driver with driverClassName=oracle.jdbc.driver.OracleDriver was not found, trying direct instantiation.
2024-04-30 08:58:56 [restartedMain] INFO  com.zaxxer.hikari.pool.PoolBase - HikariPool-1 - Driver does not support get/set network timeout for connections. (oracle.jdbc.driver.T4CConnection.getNetworkTimeout()I)
2024-04-30 08:58:56 [restartedMain] INFO  com.zaxxer.hikari.HikariDataSource - HikariPool-1 - Start completed.
2024-04-30 08:58:56 [restartedMain] INFO  o.s.b.d.a.OptionalLiveReloadServer - LiveReload server is running on port 35729
2024-04-30 08:58:56 [restartedMain] INFO  o.s.b.w.e.tomcat.TomcatWebServer - Tomcat started on port(s): 8088 (http) with context path ''
2024-04-30 08:58:56 [restartedMain] INFO  l.w.s.l.LoanwebservicesApplication - Started LoanwebservicesApplication in 3.263 seconds (JVM running for 4.097)
2024-04-30 08:59:05 [http-nio-8088-exec-1] INFO  o.a.c.c.C.[Tomcat].[localhost].[/] - Initializing Spring DispatcherServlet 'dispatcherServlet'
2024-04-30 08:59:05 [http-nio-8088-exec-1] INFO  o.s.web.servlet.DispatcherServlet - Initializing Servlet 'dispatcherServlet'
2024-04-30 08:59:05 [http-nio-8088-exec-1] INFO  o.s.web.servlet.DispatcherServlet - Completed initialization in 0 ms
2024-04-30 08:59:18 [http-nio-8088-exec-5] INFO  l.d.p.l.s.CustomerAuthServices - load by username initiated
2024-04-30 08:59:18 [http-nio-8088-exec-5] INFO  l.d.p.l.s.CustomerAuthServices - filtering of customers done
2024-04-30 08:59:18 [http-nio-8088-exec-5] INFO  l.d.p.l.s.CustomerAuthServices - no customer filitered 
2024-04-30 08:59:18 [http-nio-8088-exec-5] INFO  l.d.p.l.s.CustomerAuthServices - find by username initiated
2024-04-30 08:59:19 [http-nio-8088-exec-5] INFO  l.d.p.l.s.CustomerAuthServices - customer attempts updated
2024-04-30 09:04:48 [main] INFO  l.w.s.loanwebservices.RestEndpoint - Starting RestEndpoint using Java 1.8.0_292 on WPF45HZ5M with PID 13988 (started by xxnlnnpa in C:\Users\xxnlnnpa\Documents\DLTE-JAVA-FULLSTACK-AKASH-2024\JAVA-DLTE-PROJECT\loanwebservices)
2024-04-30 09:04:48 [main] INFO  l.w.s.loanwebservices.RestEndpoint - No active profile set, falling back to 1 default profile: "default"
2024-04-30 09:04:49 [main] INFO  o.s.d.r.c.RepositoryConfigurationDelegate - Bootstrapping Spring Data JDBC repositories in DEFAULT mode.
2024-04-30 09:04:49 [main] INFO  o.s.d.r.c.RepositoryConfigurationDelegate - Finished Spring Data repository scanning in 12 ms. Found 0 JDBC repository interfaces.
2024-04-30 09:04:50 [main] INFO  o.s.c.s.PostProcessorRegistrationDelegate$BeanPostProcessorChecker - Bean 'soapServiceConfiguration' of type [loans.web.service.loanwebservices.configs.SoapServiceConfiguration$$EnhancerBySpringCGLIB$$fc89a74d] is not eligible for getting processed by all BeanPostProcessors (for example: not eligible for auto-proxying)
2024-04-30 09:04:50 [main] INFO  o.s.c.s.PostProcessorRegistrationDelegate$BeanPostProcessorChecker - Bean 'org.springframework.ws.config.annotation.DelegatingWsConfiguration' of type [org.springframework.ws.config.annotation.DelegatingWsConfiguration$$EnhancerBySpringCGLIB$$335dff74] is not eligible for getting processed by all BeanPostProcessors (for example: not eligible for auto-proxying)
2024-04-30 09:04:50 [main] INFO  o.s.w.s.a.s.AnnotationActionEndpointMapping - Supporting [WS-Addressing August 2004, WS-Addressing 1.0]
2024-04-30 09:04:51 [main] INFO  o.s.s.web.DefaultSecurityFilterChain - Will secure any request with [org.springframework.security.web.session.DisableEncodeUrlFilter@45d56062, org.springframework.security.web.context.request.async.WebAsyncManagerIntegrationFilter@4026461d, org.springframework.security.web.context.SecurityContextPersistenceFilter@48cb2d73, org.springframework.security.web.header.HeaderWriterFilter@650aa077, org.springframework.web.filter.CorsFilter@191c6e13, org.springframework.security.web.authentication.logout.LogoutFilter@67688110, org.springframework.security.web.authentication.UsernamePasswordAuthenticationFilter@17222c11, org.springframework.security.web.authentication.www.BasicAuthenticationFilter@632b305d, org.springframework.security.web.savedrequest.RequestCacheAwareFilter@3086f480, org.springframework.security.web.servletapi.SecurityContextHolderAwareRequestFilter@35e98af, org.springframework.security.web.authentication.AnonymousAuthenticationFilter@7436364d, org.springframework.security.web.session.SessionManagementFilter@457a5b2d, org.springframework.security.web.access.ExceptionTranslationFilter@4cffd3fd, org.springframework.security.web.access.intercept.FilterSecurityInterceptor@51ff3c4b]
2024-04-30 09:04:51 [main] INFO  o.s.b.a.w.s.WelcomePageHandlerMapping - Adding welcome page template: index
2024-04-30 09:04:54 [main] INFO  com.zaxxer.hikari.HikariDataSource - HikariPool-1 - Starting...
2024-04-30 09:04:54 [main] WARN  c.z.hikari.util.DriverDataSource - Registered driver with driverClassName=oracle.jdbc.driver.OracleDriver was not found, trying direct instantiation.
2024-04-30 09:04:54 [main] INFO  com.zaxxer.hikari.pool.PoolBase - HikariPool-1 - Driver does not support get/set network timeout for connections. (oracle.jdbc.driver.T4CConnection.getNetworkTimeout()I)
2024-04-30 09:04:54 [main] INFO  com.zaxxer.hikari.HikariDataSource - HikariPool-1 - Start completed.
2024-04-30 09:04:55 [main] INFO  o.s.b.t.m.w.SpringBootMockServletContext - Initializing Spring TestDispatcherServlet ''
2024-04-30 09:04:55 [main] INFO  o.s.t.w.s.TestDispatcherServlet - Initializing Servlet ''
2024-04-30 09:04:55 [main] INFO  o.s.t.w.s.TestDispatcherServlet - Completed initialization in 0 ms
2024-04-30 09:04:55 [main] INFO  l.w.s.loanwebservices.RestEndpoint - Started RestEndpoint in 7.358 seconds (JVM running for 8.769)
2024-04-30 09:04:55 [main] WARN  o.s.w.s.m.s.DefaultHandlerExceptionResolver - Resolved [org.springframework.http.converter.HttpMessageNotReadableException: JSON parse error: Unexpected character (',' (code 44)): expected a value; nested exception is com.fasterxml.jackson.core.JsonParseException: Unexpected character (',' (code 44)): expected a value<EOL> at [Source: (org.springframework.util.StreamUtils$NonClosingInputStream); line: 3, column: 16]]
2024-04-30 09:04:56 [main] INFO  l.d.p.l.s.CustomerAuthServices - filtering of customers done
2024-04-30 09:04:56 [main] INFO  l.d.p.l.s.CustomerAuthServices - no customer filitered 
2024-04-30 09:04:56 [main] INFO  l.d.p.l.s.CustomerAuthServices - find by username initiated
2024-04-30 09:04:56 [main] INFO  l.d.p.loan.services.LoanServices - shake123
2024-04-30 09:04:56 [main] INFO  l.d.p.loan.services.LoanServices - Post Request Successful
2024-04-30 09:04:56 [SpringApplicationShutdownHook] INFO  com.zaxxer.hikari.HikariDataSource - HikariPool-1 - Shutdown initiated...
2024-04-30 09:04:56 [SpringApplicationShutdownHook] INFO  com.zaxxer.hikari.HikariDataSource - HikariPool-1 - Shutdown completed.
2024-04-30 09:05:21 [main] INFO  l.w.s.loanwebservices.RestEndpoint - Starting RestEndpoint using Java 1.8.0_292 on WPF45HZ5M with PID 20348 (started by xxnlnnpa in C:\Users\xxnlnnpa\Documents\DLTE-JAVA-FULLSTACK-AKASH-2024\JAVA-DLTE-PROJECT\loanwebservices)
2024-04-30 09:05:21 [main] INFO  l.w.s.loanwebservices.RestEndpoint - No active profile set, falling back to 1 default profile: "default"
2024-04-30 09:05:22 [main] INFO  o.s.d.r.c.RepositoryConfigurationDelegate - Bootstrapping Spring Data JDBC repositories in DEFAULT mode.
2024-04-30 09:05:22 [main] INFO  o.s.d.r.c.RepositoryConfigurationDelegate - Finished Spring Data repository scanning in 11 ms. Found 0 JDBC repository interfaces.
2024-04-30 09:05:23 [main] INFO  o.s.c.s.PostProcessorRegistrationDelegate$BeanPostProcessorChecker - Bean 'soapServiceConfiguration' of type [loans.web.service.loanwebservices.configs.SoapServiceConfiguration$$EnhancerBySpringCGLIB$$649b7ff6] is not eligible for getting processed by all BeanPostProcessors (for example: not eligible for auto-proxying)
2024-04-30 09:05:23 [main] INFO  o.s.c.s.PostProcessorRegistrationDelegate$BeanPostProcessorChecker - Bean 'org.springframework.ws.config.annotation.DelegatingWsConfiguration' of type [org.springframework.ws.config.annotation.DelegatingWsConfiguration$$EnhancerBySpringCGLIB$$9b6fd81d] is not eligible for getting processed by all BeanPostProcessors (for example: not eligible for auto-proxying)
2024-04-30 09:05:23 [main] INFO  o.s.w.s.a.s.AnnotationActionEndpointMapping - Supporting [WS-Addressing August 2004, WS-Addressing 1.0]
2024-04-30 09:05:24 [main] INFO  o.s.s.web.DefaultSecurityFilterChain - Will secure any request with [org.springframework.security.web.session.DisableEncodeUrlFilter@5b2b8d86, org.springframework.security.web.context.request.async.WebAsyncManagerIntegrationFilter@7fef0b40, org.springframework.security.web.context.SecurityContextPersistenceFilter@66e827a8, org.springframework.security.web.header.HeaderWriterFilter@6d293993, org.springframework.web.filter.CorsFilter@5f395ce1, org.springframework.security.web.authentication.logout.LogoutFilter@7e3236d, org.springframework.security.web.authentication.UsernamePasswordAuthenticationFilter@5e1a5f, org.springframework.security.web.authentication.www.BasicAuthenticationFilter@541afb85, org.springframework.security.web.savedrequest.RequestCacheAwareFilter@6a55594b, org.springframework.security.web.servletapi.SecurityContextHolderAwareRequestFilter@44598ef7, org.springframework.security.web.authentication.AnonymousAuthenticationFilter@19f02280, org.springframework.security.web.session.SessionManagementFilter@616a06e3, org.springframework.security.web.access.ExceptionTranslationFilter@7f5fcfe9, org.springframework.security.web.access.intercept.FilterSecurityInterceptor@474749b8]
2024-04-30 09:05:25 [main] INFO  o.s.b.a.w.s.WelcomePageHandlerMapping - Adding welcome page template: index
2024-04-30 09:05:27 [main] INFO  com.zaxxer.hikari.HikariDataSource - HikariPool-1 - Starting...
2024-04-30 09:05:27 [main] WARN  c.z.hikari.util.DriverDataSource - Registered driver with driverClassName=oracle.jdbc.driver.OracleDriver was not found, trying direct instantiation.
2024-04-30 09:05:27 [main] INFO  com.zaxxer.hikari.pool.PoolBase - HikariPool-1 - Driver does not support get/set network timeout for connections. (oracle.jdbc.driver.T4CConnection.getNetworkTimeout()I)
2024-04-30 09:05:27 [main] INFO  com.zaxxer.hikari.HikariDataSource - HikariPool-1 - Start completed.
2024-04-30 09:05:28 [main] INFO  o.s.b.t.m.w.SpringBootMockServletContext - Initializing Spring TestDispatcherServlet ''
2024-04-30 09:05:28 [main] INFO  o.s.t.w.s.TestDispatcherServlet - Initializing Servlet ''
2024-04-30 09:05:28 [main] INFO  o.s.t.w.s.TestDispatcherServlet - Completed initialization in 0 ms
2024-04-30 09:05:29 [main] INFO  l.w.s.loanwebservices.RestEndpoint - Started RestEndpoint in 7.703 seconds (JVM running for 9.023)
2024-04-30 09:05:29 [main] WARN  o.s.w.s.m.s.DefaultHandlerExceptionResolver - Resolved [org.springframework.http.converter.HttpMessageNotReadableException: JSON parse error: Unexpected character (',' (code 44)): expected a value; nested exception is com.fasterxml.jackson.core.JsonParseException: Unexpected character (',' (code 44)): expected a value<EOL> at [Source: (org.springframework.util.StreamUtils$NonClosingInputStream); line: 3, column: 16]]
2024-04-30 09:05:29 [main] INFO  l.d.p.l.s.CustomerAuthServices - filtering of customers done
2024-04-30 09:05:29 [main] INFO  l.d.p.l.s.CustomerAuthServices - no customer filitered 
2024-04-30 09:05:29 [main] INFO  l.d.p.l.s.CustomerAuthServices - find by username initiated
2024-04-30 09:05:29 [main] INFO  l.d.p.loan.services.LoanServices - shake123
2024-04-30 09:05:29 [main] INFO  l.d.p.loan.services.LoanServices - Post Request Successful
2024-04-30 09:05:29 [SpringApplicationShutdownHook] INFO  com.zaxxer.hikari.HikariDataSource - HikariPool-1 - Shutdown initiated...
2024-04-30 09:05:29 [SpringApplicationShutdownHook] INFO  com.zaxxer.hikari.HikariDataSource - HikariPool-1 - Shutdown completed.
2024-04-30 09:09:35 [restartedMain] INFO  l.w.s.l.LoanwebservicesApplication - Starting LoanwebservicesApplication using Java 1.8.0_292 on WPF45HZ5M with PID 35184 (C:\Users\xxnlnnpa\Documents\DLTE-JAVA-FULLSTACK-AKASH-2024\JAVA-DLTE-PROJECT\loanwebservices\target\classes started by xxnlnnpa in C:\Users\xxnlnnpa\Documents\DLTE-JAVA-FULLSTACK-AKASH-2024\JAVA-DLTE-PROJECT\loanwebservices)
2024-04-30 09:09:35 [restartedMain] INFO  l.w.s.l.LoanwebservicesApplication - No active profile set, falling back to 1 default profile: "default"
2024-04-30 09:09:35 [restartedMain] INFO  o.s.b.d.restart.ChangeableUrls - The Class-Path manifest attribute in C:\Users\xxnlnnpa\.m2\repository\com\oracle\database\security\oraclepki\21.5.0.0\oraclepki-21.5.0.0.jar referenced one or more files that do not exist: file:/C:/Users/xxnlnnpa/.m2/repository/com/oracle/database/security/oraclepki/21.5.0.0/osdt_core.jar,file:/C:/Users/xxnlnnpa/.m2/repository/com/oracle/database/security/oraclepki/21.5.0.0/osdt_cert.jar,file:/C:/Users/xxnlnnpa/.m2/repository/com/oracle/database/security/oraclepki/oracle.osdt/osdt_core.jar,file:/C:/Users/xxnlnnpa/.m2/repository/com/oracle/database/security/oraclepki/oracle.osdt/osdt_cert.jar
2024-04-30 09:09:35 [restartedMain] INFO  o.s.b.d.e.DevToolsPropertyDefaultsPostProcessor - Devtools property defaults active! Set 'spring.devtools.add-properties' to 'false' to disable
2024-04-30 09:09:35 [restartedMain] INFO  o.s.b.d.e.DevToolsPropertyDefaultsPostProcessor - For additional web related logging consider setting the 'logging.level.web' property to 'DEBUG'
2024-04-30 09:09:36 [restartedMain] INFO  o.s.d.r.c.RepositoryConfigurationDelegate - Bootstrapping Spring Data JDBC repositories in DEFAULT mode.
2024-04-30 09:09:36 [restartedMain] INFO  o.s.d.r.c.RepositoryConfigurationDelegate - Finished Spring Data repository scanning in 12 ms. Found 0 JDBC repository interfaces.
2024-04-30 09:09:36 [restartedMain] INFO  o.s.c.s.PostProcessorRegistrationDelegate$BeanPostProcessorChecker - Bean 'soapServiceConfiguration' of type [loans.web.service.loanwebservices.configs.SoapServiceConfiguration$$EnhancerBySpringCGLIB$$330beced] is not eligible for getting processed by all BeanPostProcessors (for example: not eligible for auto-proxying)
2024-04-30 09:09:36 [restartedMain] INFO  o.s.c.s.PostProcessorRegistrationDelegate$BeanPostProcessorChecker - Bean 'org.springframework.ws.config.annotation.DelegatingWsConfiguration' of type [org.springframework.ws.config.annotation.DelegatingWsConfiguration$$EnhancerBySpringCGLIB$$69e04514] is not eligible for getting processed by all BeanPostProcessors (for example: not eligible for auto-proxying)
2024-04-30 09:09:36 [restartedMain] INFO  o.s.w.s.a.s.AnnotationActionEndpointMapping - Supporting [WS-Addressing August 2004, WS-Addressing 1.0]
2024-04-30 09:09:37 [restartedMain] INFO  o.s.b.w.e.tomcat.TomcatWebServer - Tomcat initialized with port(s): 8088 (http)
2024-04-30 09:09:37 [restartedMain] INFO  o.a.catalina.core.StandardService - Starting service [Tomcat]
2024-04-30 09:09:37 [restartedMain] INFO  o.a.catalina.core.StandardEngine - Starting Servlet engine: [Apache Tomcat/9.0.73]
2024-04-30 09:09:37 [restartedMain] INFO  o.a.c.c.C.[Tomcat].[localhost].[/] - Initializing Spring embedded WebApplicationContext
2024-04-30 09:09:37 [restartedMain] INFO  o.s.b.w.s.c.ServletWebServerApplicationContext - Root WebApplicationContext: initialization completed in 1561 ms
2024-04-30 09:09:37 [restartedMain] INFO  o.s.s.web.DefaultSecurityFilterChain - Will secure any request with [org.springframework.security.web.session.DisableEncodeUrlFilter@5b88e5dd, org.springframework.security.web.context.request.async.WebAsyncManagerIntegrationFilter@29cc035d, org.springframework.security.web.context.SecurityContextPersistenceFilter@3a4657a, org.springframework.security.web.header.HeaderWriterFilter@333f5425, org.springframework.web.filter.CorsFilter@ea99a68, org.springframework.security.web.authentication.logout.LogoutFilter@12749faf, org.springframework.security.web.authentication.UsernamePasswordAuthenticationFilter@5d11e380, org.springframework.security.web.authentication.www.BasicAuthenticationFilter@2d3aecee, org.springframework.security.web.savedrequest.RequestCacheAwareFilter@43b499fe, org.springframework.security.web.servletapi.SecurityContextHolderAwareRequestFilter@354ddf70, org.springframework.security.web.authentication.AnonymousAuthenticationFilter@21f9993b, org.springframework.security.web.session.SessionManagementFilter@53be566f, org.springframework.security.web.access.ExceptionTranslationFilter@41aef082, org.springframework.security.web.access.intercept.FilterSecurityInterceptor@7d0a483f]
2024-04-30 09:09:38 [restartedMain] INFO  o.s.b.a.w.s.WelcomePageHandlerMapping - Adding welcome page template: index
2024-04-30 09:09:38 [restartedMain] INFO  com.zaxxer.hikari.HikariDataSource - HikariPool-1 - Starting...
2024-04-30 09:09:38 [restartedMain] WARN  c.z.hikari.util.DriverDataSource - Registered driver with driverClassName=oracle.jdbc.driver.OracleDriver was not found, trying direct instantiation.
2024-04-30 09:09:38 [restartedMain] INFO  com.zaxxer.hikari.pool.PoolBase - HikariPool-1 - Driver does not support get/set network timeout for connections. (oracle.jdbc.driver.T4CConnection.getNetworkTimeout()I)
2024-04-30 09:09:38 [restartedMain] INFO  com.zaxxer.hikari.HikariDataSource - HikariPool-1 - Start completed.
2024-04-30 09:09:38 [restartedMain] INFO  o.s.b.d.a.OptionalLiveReloadServer - LiveReload server is running on port 35729
2024-04-30 09:09:38 [restartedMain] INFO  o.s.b.w.e.tomcat.TomcatWebServer - Tomcat started on port(s): 8088 (http) with context path ''
2024-04-30 09:09:38 [restartedMain] INFO  l.w.s.l.LoanwebservicesApplication - Started LoanwebservicesApplication in 3.392 seconds (JVM running for 4.241)
2024-04-30 09:09:54 [http-nio-8088-exec-1] INFO  o.a.c.c.C.[Tomcat].[localhost].[/] - Initializing Spring DispatcherServlet 'dispatcherServlet'
2024-04-30 09:09:54 [http-nio-8088-exec-1] INFO  o.s.web.servlet.DispatcherServlet - Initializing Servlet 'dispatcherServlet'
2024-04-30 09:09:54 [http-nio-8088-exec-1] INFO  o.s.web.servlet.DispatcherServlet - Completed initialization in 0 ms
2024-04-30 09:10:26 [http-nio-8088-exec-4] INFO  l.d.p.l.s.CustomerAuthServices - load by username initiated
2024-04-30 09:10:26 [http-nio-8088-exec-4] INFO  l.d.p.l.s.CustomerAuthServices - filtering of customers done
2024-04-30 09:10:26 [http-nio-8088-exec-4] INFO  l.d.p.l.s.CustomerAuthServices - no customer filitered 
2024-04-30 09:10:26 [http-nio-8088-exec-4] INFO  l.d.p.l.s.CustomerAuthServices - find by username initiated
2024-04-30 09:10:26 [http-nio-8088-exec-4] INFO  l.d.p.l.s.CustomerAuthServices - customer attempts updated
2024-04-30 09:10:33 [http-nio-8088-exec-10] INFO  o.a.c.c.C.[Tomcat].[localhost].[/] - Initializing Spring MessageDispatcherServlet 'messageDispatcherServlet'
2024-04-30 09:10:33 [http-nio-8088-exec-10] INFO  o.s.w.t.h.MessageDispatcherServlet - Initializing Servlet 'messageDispatcherServlet'
2024-04-30 09:10:33 [http-nio-8088-exec-10] INFO  o.s.w.s.saaj.SaajSoapMessageFactory - Creating SAAJ 1.3 MessageFactory with SOAP 1.1 Protocol
2024-04-30 09:10:33 [http-nio-8088-exec-10] INFO  o.s.w.t.h.MessageDispatcherServlet - Completed initialization in 47 ms
2024-04-30 09:10:34 [http-nio-8088-exec-10] INFO  l.d.p.loan.services.LoanServices - Executing query to fetch all available loans
2024-04-30 09:10:34 [http-nio-8088-exec-10] INFO  l.d.p.loan.services.LoanServices - Successfully fetched all available loans
2024-04-30 09:10:34 [http-nio-8088-exec-10] INFO  l.d.p.loan.services.LoanServices - All data loaded to server
2024-04-30 09:31:06 [File Watcher] INFO  o.s.b.d.a.LocalDevToolsAutoConfiguration$RestartingClassPathChangeChangedEventListener - Restarting due to 2 class path changes (0 additions, 0 deletions, 2 modifications)
2024-04-30 09:31:07 [Thread-14] INFO  o.a.catalina.core.StandardService - Stopping service [Tomcat]
2024-04-30 09:31:07 [Thread-14] INFO  o.a.c.c.C.[Tomcat].[localhost].[/] - Destroying Spring FrameworkServlet 'dispatcherServlet'
2024-04-30 09:31:07 [Thread-14] INFO  o.a.c.c.C.[Tomcat].[localhost].[/] - Destroying Spring FrameworkServlet 'messageDispatcherServlet'
2024-04-30 09:31:07 [Thread-14] INFO  com.zaxxer.hikari.HikariDataSource - HikariPool-1 - Shutdown initiated...
2024-04-30 09:31:07 [Thread-14] INFO  com.zaxxer.hikari.HikariDataSource - HikariPool-1 - Shutdown completed.
2024-04-30 09:31:07 [restartedMain] INFO  l.w.s.l.LoanwebservicesApplication - Starting LoanwebservicesApplication using Java 1.8.0_292 on WPF45HZ5M with PID 35184 (C:\Users\xxnlnnpa\Documents\DLTE-JAVA-FULLSTACK-AKASH-2024\JAVA-DLTE-PROJECT\loanwebservices\target\classes started by xxnlnnpa in C:\Users\xxnlnnpa\Documents\DLTE-JAVA-FULLSTACK-AKASH-2024\JAVA-DLTE-PROJECT\loanwebservices)
2024-04-30 09:31:07 [restartedMain] INFO  l.w.s.l.LoanwebservicesApplication - No active profile set, falling back to 1 default profile: "default"
2024-04-30 09:31:07 [restartedMain] INFO  o.s.d.r.c.RepositoryConfigurationDelegate - Bootstrapping Spring Data JDBC repositories in DEFAULT mode.
2024-04-30 09:31:07 [restartedMain] INFO  o.s.d.r.c.RepositoryConfigurationDelegate - Finished Spring Data repository scanning in 5 ms. Found 0 JDBC repository interfaces.
2024-04-30 09:31:07 [restartedMain] INFO  o.s.c.s.PostProcessorRegistrationDelegate$BeanPostProcessorChecker - Bean 'soapServiceConfiguration' of type [loans.web.service.loanwebservices.configs.SoapServiceConfiguration$$EnhancerBySpringCGLIB$$330beced] is not eligible for getting processed by all BeanPostProcessors (for example: not eligible for auto-proxying)
2024-04-30 09:31:07 [restartedMain] INFO  o.s.c.s.PostProcessorRegistrationDelegate$BeanPostProcessorChecker - Bean 'org.springframework.ws.config.annotation.DelegatingWsConfiguration' of type [org.springframework.ws.config.annotation.DelegatingWsConfiguration$$EnhancerBySpringCGLIB$$69e04514] is not eligible for getting processed by all BeanPostProcessors (for example: not eligible for auto-proxying)
2024-04-30 09:31:07 [restartedMain] INFO  o.s.w.s.a.s.AnnotationActionEndpointMapping - Supporting [WS-Addressing August 2004, WS-Addressing 1.0]
2024-04-30 09:31:08 [restartedMain] INFO  o.s.b.w.e.tomcat.TomcatWebServer - Tomcat initialized with port(s): 8088 (http)
2024-04-30 09:31:08 [restartedMain] INFO  o.a.catalina.core.StandardService - Starting service [Tomcat]
2024-04-30 09:31:08 [restartedMain] INFO  o.a.catalina.core.StandardEngine - Starting Servlet engine: [Apache Tomcat/9.0.73]
2024-04-30 09:31:08 [restartedMain] INFO  o.a.c.c.C.[Tomcat].[localhost].[/] - Initializing Spring embedded WebApplicationContext
2024-04-30 09:31:08 [restartedMain] INFO  o.s.b.w.s.c.ServletWebServerApplicationContext - Root WebApplicationContext: initialization completed in 546 ms
2024-04-30 09:31:08 [restartedMain] INFO  o.s.s.web.DefaultSecurityFilterChain - Will secure any request with [org.springframework.security.web.session.DisableEncodeUrlFilter@35b6c804, org.springframework.security.web.context.request.async.WebAsyncManagerIntegrationFilter@64eafba9, org.springframework.security.web.context.SecurityContextPersistenceFilter@2ee3936e, org.springframework.security.web.header.HeaderWriterFilter@f4e2106, org.springframework.web.filter.CorsFilter@213f859d, org.springframework.security.web.authentication.logout.LogoutFilter@4c83e066, org.springframework.security.web.authentication.UsernamePasswordAuthenticationFilter@70f34446, org.springframework.security.web.authentication.www.BasicAuthenticationFilter@3e990e11, org.springframework.security.web.savedrequest.RequestCacheAwareFilter@4c17dff8, org.springframework.security.web.servletapi.SecurityContextHolderAwareRequestFilter@32af816d, org.springframework.security.web.authentication.AnonymousAuthenticationFilter@693cf1fd, org.springframework.security.web.session.SessionManagementFilter@6e2441d3, org.springframework.security.web.access.ExceptionTranslationFilter@312a7795, org.springframework.security.web.access.intercept.FilterSecurityInterceptor@6e94cbec]
2024-04-30 09:31:08 [restartedMain] INFO  o.s.b.a.w.s.WelcomePageHandlerMapping - Adding welcome page template: index
2024-04-30 09:31:08 [restartedMain] INFO  com.zaxxer.hikari.HikariDataSource - HikariPool-2 - Starting...
2024-04-30 09:31:08 [restartedMain] WARN  c.z.hikari.util.DriverDataSource - Registered driver with driverClassName=oracle.jdbc.driver.OracleDriver was not found, trying direct instantiation.
2024-04-30 09:31:08 [restartedMain] INFO  com.zaxxer.hikari.pool.PoolBase - HikariPool-2 - Driver does not support get/set network timeout for connections. (oracle.jdbc.driver.T4CConnection.getNetworkTimeout()I)
2024-04-30 09:31:08 [restartedMain] INFO  com.zaxxer.hikari.HikariDataSource - HikariPool-2 - Start completed.
2024-04-30 09:31:08 [restartedMain] INFO  o.s.b.d.a.OptionalLiveReloadServer - LiveReload server is running on port 35729
2024-04-30 09:31:08 [restartedMain] INFO  o.s.b.w.e.tomcat.TomcatWebServer - Tomcat started on port(s): 8088 (http) with context path ''
2024-04-30 09:31:08 [restartedMain] INFO  l.w.s.l.LoanwebservicesApplication - Started LoanwebservicesApplication in 1.28 seconds (JVM running for 1294.245)
2024-04-30 09:31:08 [restartedMain] INFO  o.s.b.d.a.ConditionEvaluationDeltaLoggingListener - Condition evaluation unchanged
2024-04-30 09:31:10 [main] INFO  l.w.s.loanwebservices.WebServiceTest - Starting WebServiceTest using Java 1.8.0_292 on WPF45HZ5M with PID 19912 (started by xxnlnnpa in C:\Users\xxnlnnpa\Documents\DLTE-JAVA-FULLSTACK-AKASH-2024\JAVA-DLTE-PROJECT\loanwebservices)
2024-04-30 09:31:10 [main] INFO  l.w.s.loanwebservices.WebServiceTest - No active profile set, falling back to 1 default profile: "default"
2024-04-30 09:31:11 [main] INFO  o.s.d.r.c.RepositoryConfigurationDelegate - Bootstrapping Spring Data JDBC repositories in DEFAULT mode.
2024-04-30 09:31:11 [main] INFO  o.s.d.r.c.RepositoryConfigurationDelegate - Finished Spring Data repository scanning in 12 ms. Found 0 JDBC repository interfaces.
2024-04-30 09:31:11 [main] INFO  o.s.c.s.PostProcessorRegistrationDelegate$BeanPostProcessorChecker - Bean 'soapServiceConfiguration' of type [loans.web.service.loanwebservices.configs.SoapServiceConfiguration$$EnhancerBySpringCGLIB$$1a111a1f] is not eligible for getting processed by all BeanPostProcessors (for example: not eligible for auto-proxying)
2024-04-30 09:31:11 [main] INFO  o.s.c.s.PostProcessorRegistrationDelegate$BeanPostProcessorChecker - Bean 'org.springframework.ws.config.annotation.DelegatingWsConfiguration' of type [org.springframework.ws.config.annotation.DelegatingWsConfiguration$$EnhancerBySpringCGLIB$$50e57246] is not eligible for getting processed by all BeanPostProcessors (for example: not eligible for auto-proxying)
2024-04-30 09:31:11 [main] INFO  o.s.w.s.a.s.AnnotationActionEndpointMapping - Supporting [WS-Addressing August 2004, WS-Addressing 1.0]
2024-04-30 09:31:13 [main] INFO  o.s.s.web.DefaultSecurityFilterChain - Will secure any request with [org.springframework.security.web.session.DisableEncodeUrlFilter@7c11d32, org.springframework.security.web.context.request.async.WebAsyncManagerIntegrationFilter@2f9dda71, org.springframework.security.web.context.SecurityContextPersistenceFilter@a1691c0, org.springframework.security.web.header.HeaderWriterFilter@6b37df8e, org.springframework.web.filter.CorsFilter@58278366, org.springframework.security.web.authentication.logout.LogoutFilter@6637a365, org.springframework.security.web.authentication.UsernamePasswordAuthenticationFilter@40943a6, org.springframework.security.web.authentication.www.BasicAuthenticationFilter@415795f3, org.springframework.security.web.savedrequest.RequestCacheAwareFilter@2f995afc, org.springframework.security.web.servletapi.SecurityContextHolderAwareRequestFilter@9df564f, org.springframework.security.web.authentication.AnonymousAuthenticationFilter@7f5fcfe9, org.springframework.security.web.session.SessionManagementFilter@7b351446, org.springframework.security.web.access.ExceptionTranslationFilter@7302ff13, org.springframework.security.web.access.intercept.FilterSecurityInterceptor@4962b41e]
2024-04-30 09:31:14 [main] INFO  o.s.b.a.w.s.WelcomePageHandlerMapping - Adding welcome page template: index
2024-04-30 09:31:15 [main] INFO  com.zaxxer.hikari.HikariDataSource - HikariPool-1 - Starting...
2024-04-30 09:31:15 [main] WARN  c.z.hikari.util.DriverDataSource - Registered driver with driverClassName=oracle.jdbc.driver.OracleDriver was not found, trying direct instantiation.
2024-04-30 09:31:15 [main] INFO  com.zaxxer.hikari.pool.PoolBase - HikariPool-1 - Driver does not support get/set network timeout for connections. (oracle.jdbc.driver.T4CConnection.getNetworkTimeout()I)
2024-04-30 09:31:15 [main] INFO  com.zaxxer.hikari.HikariDataSource - HikariPool-1 - Start completed.
2024-04-30 09:31:16 [main] INFO  l.w.s.loanwebservices.WebServiceTest - Started WebServiceTest in 6.447 seconds (JVM running for 8.718)
2024-04-30 09:31:16 [main] INFO  l.d.p.loan.services.LoanServices - Exception occured in data
2024-04-30 09:31:16 [main] INFO  l.d.p.loan.services.LoanServices - Exception occured in data
2024-04-30 09:31:16 [main] INFO  l.d.p.loan.services.LoanServices - All data loaded to server
2024-04-30 09:31:16 [SpringApplicationShutdownHook] INFO  com.zaxxer.hikari.HikariDataSource - HikariPool-1 - Shutdown initiated...
2024-04-30 09:31:16 [SpringApplicationShutdownHook] INFO  com.zaxxer.hikari.HikariDataSource - HikariPool-1 - Shutdown completed.
2024-04-30 09:31:36 [main] INFO  l.w.s.loanwebservices.WebServiceTest - Starting WebServiceTest using Java 1.8.0_292 on WPF45HZ5M with PID 31444 (started by xxnlnnpa in C:\Users\xxnlnnpa\Documents\DLTE-JAVA-FULLSTACK-AKASH-2024\JAVA-DLTE-PROJECT\loanwebservices)
2024-04-30 09:31:36 [main] INFO  l.w.s.loanwebservices.WebServiceTest - No active profile set, falling back to 1 default profile: "default"
2024-04-30 09:31:37 [main] INFO  o.s.d.r.c.RepositoryConfigurationDelegate - Bootstrapping Spring Data JDBC repositories in DEFAULT mode.
2024-04-30 09:31:37 [main] INFO  o.s.d.r.c.RepositoryConfigurationDelegate - Finished Spring Data repository scanning in 9 ms. Found 0 JDBC repository interfaces.
2024-04-30 09:31:38 [main] INFO  o.s.c.s.PostProcessorRegistrationDelegate$BeanPostProcessorChecker - Bean 'soapServiceConfiguration' of type [loans.web.service.loanwebservices.configs.SoapServiceConfiguration$$EnhancerBySpringCGLIB$$409d06f7] is not eligible for getting processed by all BeanPostProcessors (for example: not eligible for auto-proxying)
2024-04-30 09:31:38 [main] INFO  o.s.c.s.PostProcessorRegistrationDelegate$BeanPostProcessorChecker - Bean 'org.springframework.ws.config.annotation.DelegatingWsConfiguration' of type [org.springframework.ws.config.annotation.DelegatingWsConfiguration$$EnhancerBySpringCGLIB$$77715f1e] is not eligible for getting processed by all BeanPostProcessors (for example: not eligible for auto-proxying)
2024-04-30 09:31:38 [main] INFO  o.s.w.s.a.s.AnnotationActionEndpointMapping - Supporting [WS-Addressing August 2004, WS-Addressing 1.0]
2024-04-30 09:31:39 [main] INFO  o.s.s.web.DefaultSecurityFilterChain - Will secure any request with [org.springframework.security.web.session.DisableEncodeUrlFilter@7fbf26fc, org.springframework.security.web.context.request.async.WebAsyncManagerIntegrationFilter@11c78080, org.springframework.security.web.context.SecurityContextPersistenceFilter@677ce519, org.springframework.security.web.header.HeaderWriterFilter@4f363abd, org.springframework.web.filter.CorsFilter@662be9f7, org.springframework.security.web.authentication.logout.LogoutFilter@622d7e4, org.springframework.security.web.authentication.UsernamePasswordAuthenticationFilter@35787726, org.springframework.security.web.authentication.www.BasicAuthenticationFilter@1310fcb0, org.springframework.security.web.savedrequest.RequestCacheAwareFilter@7cfb0c4c, org.springframework.security.web.servletapi.SecurityContextHolderAwareRequestFilter@6b63abdc, org.springframework.security.web.authentication.AnonymousAuthenticationFilter@4962b41e, org.springframework.security.web.session.SessionManagementFilter@4017fe2c, org.springframework.security.web.access.ExceptionTranslationFilter@72ce812e, org.springframework.security.web.access.intercept.FilterSecurityInterceptor@3086f480]
2024-04-30 09:31:40 [main] INFO  o.s.b.a.w.s.WelcomePageHandlerMapping - Adding welcome page template: index
2024-04-30 09:31:41 [main] INFO  com.zaxxer.hikari.HikariDataSource - HikariPool-1 - Starting...
2024-04-30 09:31:41 [main] WARN  c.z.hikari.util.DriverDataSource - Registered driver with driverClassName=oracle.jdbc.driver.OracleDriver was not found, trying direct instantiation.
2024-04-30 09:31:42 [main] INFO  com.zaxxer.hikari.pool.PoolBase - HikariPool-1 - Driver does not support get/set network timeout for connections. (oracle.jdbc.driver.T4CConnection.getNetworkTimeout()I)
2024-04-30 09:31:42 [main] INFO  com.zaxxer.hikari.HikariDataSource - HikariPool-1 - Start completed.
2024-04-30 09:31:42 [main] INFO  l.w.s.loanwebservices.WebServiceTest - Started WebServiceTest in 6.044 seconds (JVM running for 7.375)
2024-04-30 09:31:42 [main] INFO  l.d.p.loan.services.LoanServices - Exception occured in data
2024-04-30 09:31:42 [main] INFO  l.d.p.loan.services.LoanServices - Exception occured in data
2024-04-30 09:31:42 [SpringApplicationShutdownHook] INFO  com.zaxxer.hikari.HikariDataSource - HikariPool-1 - Shutdown initiated...
2024-04-30 09:31:42 [SpringApplicationShutdownHook] INFO  com.zaxxer.hikari.HikariDataSource - HikariPool-1 - Shutdown completed.
