18:01:28.602 [main] INFO  org.example.console.App - string email is validated
18:01:31.920 [main] INFO  org.example.console.App - string phone entred is wrong
18:01:35.568 [main] INFO  org.example.console.App - string phone is validated
18:02:11.274 [main] INFO  org.example.console.App - the pincode is validated
18:02:11.274 [main] INFO  org.example.console.App - adress added for employee
18:02:31.887 [main] INFO  org.example.console.App - the pincode is validated
18:02:31.887 [main] INFO  org.example.console.App - adress added for employee
18:02:31.887 [main] INFO  org.example.console.App - the employee data and address data collected
18:06:36.972 [main] INFO  org.example.console.App - string email is validated
18:06:42.673 [main] INFO  org.example.console.App - string phone is validated
18:07:07.020 [main] INFO  org.example.console.App - the pincode is validated
18:07:07.020 [main] INFO  org.example.console.App - adress added for employee
18:08:01.045 [main] INFO  org.example.console.App - the pincode is validated
18:08:01.045 [main] INFO  org.example.console.App - adress added for employee
18:08:01.045 [main] INFO  org.example.console.App - the employee data and address data collected
18:10:54.733 [main] INFO  org.example.console.App - string email is validated
18:10:58.173 [main] INFO  org.example.console.App - string phone is validated
18:11:10.978 [main] INFO  org.example.console.App - the pincode is validated
18:11:10.978 [main] INFO  org.example.console.App - adress added for employee
18:11:16.050 [main] INFO  org.example.console.App - the pincode is validated
18:11:16.050 [main] INFO  org.example.console.App - adress added for employee
18:11:16.050 [main] INFO  org.example.console.App - the employee data and address data collected
18:17:37.020 [main] INFO  org.example.console.App - string email is validated
18:17:40.735 [main] INFO  org.example.console.App - string phone is validated
18:21:45.923 [main] INFO  org.example.console.App - the pincode is validated
18:21:45.925 [main] INFO  org.example.console.App - adress added for employee
18:22:20.398 [main] INFO  org.example.console.App - the pincode is validated
18:22:20.398 [main] INFO  org.example.console.App - adress added for employee
18:22:20.398 [main] INFO  org.example.console.App - the employee data and address data collected
