[31m2024-03-25 17:11:53,378[0;39m [32m[INFO][0;39m jdbc.migration.dao.demo.DemoApplicationTests main [32mStarting DemoApplicationTests using Java 1.8.0_292 on WPF45HZ5M with PID 18668 (started by xxnlnnpa in C:\Users\xxnlnnpa\Documents\DLTE-JAVA-FULLSTACK-AKASH-2024\DLTE-Spring\Tasks\jdbcmigrationfromdao)
[0;39m[31m2024-03-25 17:11:53,406[0;39m [32m[INFO][0;39m jdbc.migration.dao.demo.DemoApplicationTests main [32mNo active profile set, falling back to 1 default profile: "default"
[0;39m[31m2024-03-25 17:11:54,721[0;39m [32m[INFO][0;39m org.springframework.data.repository.config.RepositoryConfigurationDelegate main [32mBootstrapping Spring Data JDBC repositories in DEFAULT mode.
[0;39m[31m2024-03-25 17:11:54,758[0;39m [32m[INFO][0;39m org.springframework.data.repository.config.RepositoryConfigurationDelegate main [32mFinished Spring Data repository scanning in 20 ms. Found 0 JDBC repository interfaces.
[0;39m[31m2024-03-25 17:11:57,922[0;39m [32m[INFO][0;39m com.zaxxer.hikari.HikariDataSource main [32mHikariPool-1 - Starting...
[0;39m[31m2024-03-25 17:11:57,922[0;39m [32m[WARN][0;39m com.zaxxer.hikari.util.DriverDataSource main [32mRegistered driver with driverClassName=oracle.jdbc.driver.OracleDriver was not found, trying direct instantiation.
[0;39m[31m2024-03-25 17:11:59,015[0;39m [32m[INFO][0;39m com.zaxxer.hikari.pool.PoolBase main [32mHikariPool-1 - Driver does not support get/set network timeout for connections. (oracle.jdbc.driver.T4CConnection.getNetworkTimeout()I)
[0;39m[31m2024-03-25 17:11:59,022[0;39m [32m[INFO][0;39m com.zaxxer.hikari.HikariDataSource main [32mHikariPool-1 - Start completed.
[0;39m[31m2024-03-25 17:11:59,568[0;39m [32m[INFO][0;39m jdbc.migration.dao.demo.DemoApplicationTests main [32mStarted DemoApplicationTests in 6.879 seconds (JVM running for 8.868)
[0;39m[31m2024-03-25 17:12:01,831[0;39m [32m[INFO][0;39m com.zaxxer.hikari.HikariDataSource SpringApplicationShutdownHook [32mHikariPool-1 - Shutdown initiated...
[0;39m[31m2024-03-25 17:12:01,863[0;39m [32m[INFO][0;39m com.zaxxer.hikari.HikariDataSource SpringApplicationShutdownHook [32mHikariPool-1 - Shutdown completed.
[0;39m[31m2024-03-25 17:12:39,896[0;39m [32m[INFO][0;39m jdbc.migration.dao.demo.DemoApplicationTests main [32mStarting DemoApplicationTests using Java 1.8.0_292 on WPF45HZ5M with PID 21780 (started by xxnlnnpa in C:\Users\xxnlnnpa\Documents\DLTE-JAVA-FULLSTACK-AKASH-2024\DLTE-Spring\Tasks\jdbcmigrationfromdao)
[0;39m[31m2024-03-25 17:12:39,896[0;39m [32m[INFO][0;39m jdbc.migration.dao.demo.DemoApplicationTests main [32mNo active profile set, falling back to 1 default profile: "default"
[0;39m[31m2024-03-25 17:12:40,432[0;39m [32m[INFO][0;39m org.springframework.data.repository.config.RepositoryConfigurationDelegate main [32mBootstrapping Spring Data JDBC repositories in DEFAULT mode.
[0;39m[31m2024-03-25 17:12:40,448[0;39m [32m[INFO][0;39m org.springframework.data.repository.config.RepositoryConfigurationDelegate main [32mFinished Spring Data repository scanning in 7 ms. Found 0 JDBC repository interfaces.
[0;39m[31m2024-03-25 17:12:42,460[0;39m [32m[INFO][0;39m com.zaxxer.hikari.HikariDataSource main [32mHikariPool-1 - Starting...
[0;39m[31m2024-03-25 17:12:42,475[0;39m [32m[WARN][0;39m com.zaxxer.hikari.util.DriverDataSource main [32mRegistered driver with driverClassName=oracle.jdbc.driver.OracleDriver was not found, trying direct instantiation.
[0;39m[31m2024-03-25 17:12:43,406[0;39m [32m[INFO][0;39m com.zaxxer.hikari.pool.PoolBase main [32mHikariPool-1 - Driver does not support get/set network timeout for connections. (oracle.jdbc.driver.T4CConnection.getNetworkTimeout()I)
[0;39m[31m2024-03-25 17:12:43,422[0;39m [32m[INFO][0;39m com.zaxxer.hikari.HikariDataSource main [32mHikariPool-1 - Start completed.
[0;39m[31m2024-03-25 17:12:44,339[0;39m [32m[INFO][0;39m jdbc.migration.dao.demo.DemoApplicationTests main [32mStarted DemoApplicationTests in 4.898 seconds (JVM running for 6.177)
[0;39m[31m2024-03-25 17:12:46,285[0;39m [32m[INFO][0;39m com.zaxxer.hikari.HikariDataSource SpringApplicationShutdownHook [32mHikariPool-1 - Shutdown initiated...
[0;39m[31m2024-03-25 17:12:46,313[0;39m [32m[INFO][0;39m com.zaxxer.hikari.HikariDataSource SpringApplicationShutdownHook [32mHikariPool-1 - Shutdown completed.
[0;39m[31m2024-03-25 17:13:01,781[0;39m [32m[INFO][0;39m jdbc.migration.dao.demo.DemoApplicationTests main [32mStarting DemoApplicationTests using Java 1.8.0_292 on WPF45HZ5M with PID 8716 (started by xxnlnnpa in C:\Users\xxnlnnpa\Documents\DLTE-JAVA-FULLSTACK-AKASH-2024\DLTE-Spring\Tasks\jdbcmigrationfromdao)
[0;39m[31m2024-03-25 17:13:01,781[0;39m [32m[INFO][0;39m jdbc.migration.dao.demo.DemoApplicationTests main [32mNo active profile set, falling back to 1 default profile: "default"
[0;39m[31m2024-03-25 17:13:02,771[0;39m [32m[INFO][0;39m org.springframework.data.repository.config.RepositoryConfigurationDelegate main [32mBootstrapping Spring Data JDBC repositories in DEFAULT mode.
[0;39m[31m2024-03-25 17:13:02,803[0;39m [32m[INFO][0;39m org.springframework.data.repository.config.RepositoryConfigurationDelegate main [32mFinished Spring Data repository scanning in 18 ms. Found 0 JDBC repository interfaces.
[0;39m[31m2024-03-25 17:13:04,973[0;39m [32m[INFO][0;39m com.zaxxer.hikari.HikariDataSource main [32mHikariPool-1 - Starting...
[0;39m[31m2024-03-25 17:13:04,973[0;39m [32m[WARN][0;39m com.zaxxer.hikari.util.DriverDataSource main [32mRegistered driver with driverClassName=oracle.jdbc.driver.OracleDriver was not found, trying direct instantiation.
[0;39m[31m2024-03-25 17:13:05,541[0;39m [32m[INFO][0;39m com.zaxxer.hikari.pool.PoolBase main [32mHikariPool-1 - Driver does not support get/set network timeout for connections. (oracle.jdbc.driver.T4CConnection.getNetworkTimeout()I)
[0;39m[31m2024-03-25 17:13:05,541[0;39m [32m[INFO][0;39m com.zaxxer.hikari.HikariDataSource main [32mHikariPool-1 - Start completed.
[0;39m[31m2024-03-25 17:13:05,954[0;39m [32m[INFO][0;39m jdbc.migration.dao.demo.DemoApplicationTests main [32mStarted DemoApplicationTests in 5.055 seconds (JVM running for 7.19)
[0;39m[31m2024-03-25 17:13:07,504[0;39m [32m[INFO][0;39m com.zaxxer.hikari.HikariDataSource SpringApplicationShutdownHook [32mHikariPool-1 - Shutdown initiated...
[0;39m[31m2024-03-25 17:13:07,523[0;39m [32m[INFO][0;39m com.zaxxer.hikari.HikariDataSource SpringApplicationShutdownHook [32mHikariPool-1 - Shutdown completed.
[0;39m[31m2024-03-25 17:13:54,701[0;39m [32m[INFO][0;39m jdbc.migration.dao.demo.DemoApplicationTests main [32mStarting DemoApplicationTests using Java 1.8.0_292 on WPF45HZ5M with PID 20708 (started by xxnlnnpa in C:\Users\xxnlnnpa\Documents\DLTE-JAVA-FULLSTACK-AKASH-2024\DLTE-Spring\Tasks\jdbcmigrationfromdao)
[0;39m[31m2024-03-25 17:13:54,701[0;39m [32m[INFO][0;39m jdbc.migration.dao.demo.DemoApplicationTests main [32mNo active profile set, falling back to 1 default profile: "default"
[0;39m[31m2024-03-25 17:13:55,741[0;39m [32m[INFO][0;39m org.springframework.data.repository.config.RepositoryConfigurationDelegate main [32mBootstrapping Spring Data JDBC repositories in DEFAULT mode.
[0;39m[31m2024-03-25 17:13:55,773[0;39m [32m[INFO][0;39m org.springframework.data.repository.config.RepositoryConfigurationDelegate main [32mFinished Spring Data repository scanning in 12 ms. Found 0 JDBC repository interfaces.
[0;39m[31m2024-03-25 17:13:58,288[0;39m [32m[INFO][0;39m com.zaxxer.hikari.HikariDataSource main [32mHikariPool-1 - Starting...
[0;39m[31m2024-03-25 17:13:58,288[0;39m [32m[WARN][0;39m com.zaxxer.hikari.util.DriverDataSource main [32mRegistered driver with driverClassName=oracle.jdbc.driver.OracleDriver was not found, trying direct instantiation.
[0;39m[31m2024-03-25 17:13:58,839[0;39m [32m[INFO][0;39m com.zaxxer.hikari.pool.PoolBase main [32mHikariPool-1 - Driver does not support get/set network timeout for connections. (oracle.jdbc.driver.T4CConnection.getNetworkTimeout()I)
[0;39m[31m2024-03-25 17:13:58,839[0;39m [32m[INFO][0;39m com.zaxxer.hikari.HikariDataSource main [32mHikariPool-1 - Start completed.
[0;39m[31m2024-03-25 17:13:59,186[0;39m [32m[INFO][0;39m jdbc.migration.dao.demo.DemoApplicationTests main [32mStarted DemoApplicationTests in 5.323 seconds (JVM running for 6.896)
[0;39m[31m2024-03-25 17:14:00,824[0;39m [32m[INFO][0;39m com.zaxxer.hikari.HikariDataSource SpringApplicationShutdownHook [32mHikariPool-1 - Shutdown initiated...
[0;39m[31m2024-03-25 17:14:00,854[0;39m [32m[INFO][0;39m com.zaxxer.hikari.HikariDataSource SpringApplicationShutdownHook [32mHikariPool-1 - Shutdown completed.
[0;39m[31m2024-03-25 17:14:20,016[0;39m [32m[INFO][0;39m jdbc.migration.dao.demo.DemoApplicationTests main [32mStarting DemoApplicationTests using Java 1.8.0_292 on WPF45HZ5M with PID 15528 (started by xxnlnnpa in C:\Users\xxnlnnpa\Documents\DLTE-JAVA-FULLSTACK-AKASH-2024\DLTE-Spring\Tasks\jdbcmigrationfromdao)
[0;39m[31m2024-03-25 17:14:20,032[0;39m [32m[INFO][0;39m jdbc.migration.dao.demo.DemoApplicationTests main [32mNo active profile set, falling back to 1 default profile: "default"
[0;39m[31m2024-03-25 17:14:21,026[0;39m [32m[INFO][0;39m org.springframework.data.repository.config.RepositoryConfigurationDelegate main [32mBootstrapping Spring Data JDBC repositories in DEFAULT mode.
[0;39m[31m2024-03-25 17:14:21,057[0;39m [32m[INFO][0;39m org.springframework.data.repository.config.RepositoryConfigurationDelegate main [32mFinished Spring Data repository scanning in 15 ms. Found 0 JDBC repository interfaces.
[0;39m[31m2024-03-25 17:14:23,546[0;39m [32m[INFO][0;39m com.zaxxer.hikari.HikariDataSource main [32mHikariPool-1 - Starting...
[0;39m[31m2024-03-25 17:14:23,562[0;39m [32m[WARN][0;39m com.zaxxer.hikari.util.DriverDataSource main [32mRegistered driver with driverClassName=oracle.jdbc.driver.OracleDriver was not found, trying direct instantiation.
[0;39m[31m2024-03-25 17:14:24,193[0;39m [32m[INFO][0;39m com.zaxxer.hikari.pool.PoolBase main [32mHikariPool-1 - Driver does not support get/set network timeout for connections. (oracle.jdbc.driver.T4CConnection.getNetworkTimeout()I)
[0;39m[31m2024-03-25 17:14:24,212[0;39m [32m[INFO][0;39m com.zaxxer.hikari.HikariDataSource main [32mHikariPool-1 - Start completed.
[0;39m[31m2024-03-25 17:14:24,493[0;39m [32m[INFO][0;39m jdbc.migration.dao.demo.DemoApplicationTests main [32mStarted DemoApplicationTests in 5.174 seconds (JVM running for 6.6)
[0;39m[31m2024-03-25 17:14:26,258[0;39m [32m[INFO][0;39m com.zaxxer.hikari.HikariDataSource SpringApplicationShutdownHook [32mHikariPool-1 - Shutdown initiated...
[0;39m[31m2024-03-25 17:14:26,289[0;39m [32m[INFO][0;39m com.zaxxer.hikari.HikariDataSource SpringApplicationShutdownHook [32mHikariPool-1 - Shutdown completed.
[0;39m[31m2024-03-25 17:24:18,065[0;39m [32m[INFO][0;39m jdbc.migration.dao.demo.DemoApplicationTests main [32mStarting DemoApplicationTests using Java 1.8.0_292 on WPF45HZ5M with PID 11420 (started by xxnlnnpa in C:\Users\xxnlnnpa\Documents\DLTE-JAVA-FULLSTACK-AKASH-2024\DLTE-Spring\Tasks\jdbcmigrationfromdao)
[0;39m[31m2024-03-25 17:24:18,065[0;39m [32m[INFO][0;39m jdbc.migration.dao.demo.DemoApplicationTests main [32mNo active profile set, falling back to 1 default profile: "default"
[0;39m[31m2024-03-25 17:24:18,602[0;39m [32m[INFO][0;39m org.springframework.data.repository.config.RepositoryConfigurationDelegate main [32mBootstrapping Spring Data JDBC repositories in DEFAULT mode.
[0;39m[31m2024-03-25 17:24:18,617[0;39m [32m[INFO][0;39m org.springframework.data.repository.config.RepositoryConfigurationDelegate main [32mFinished Spring Data repository scanning in 8 ms. Found 0 JDBC repository interfaces.
[0;39m[31m2024-03-25 17:24:19,890[0;39m [32m[INFO][0;39m com.zaxxer.hikari.HikariDataSource main [32mHikariPool-1 - Starting...
[0;39m[31m2024-03-25 17:24:19,890[0;39m [32m[WARN][0;39m com.zaxxer.hikari.util.DriverDataSource main [32mRegistered driver with driverClassName=oracle.jdbc.driver.OracleDriver was not found, trying direct instantiation.
[0;39m[31m2024-03-25 17:24:20,315[0;39m [32m[INFO][0;39m com.zaxxer.hikari.pool.PoolBase main [32mHikariPool-1 - Driver does not support get/set network timeout for connections. (oracle.jdbc.driver.T4CConnection.getNetworkTimeout()I)
[0;39m[31m2024-03-25 17:24:20,315[0;39m [32m[INFO][0;39m com.zaxxer.hikari.HikariDataSource main [32mHikariPool-1 - Start completed.
[0;39m[31m2024-03-25 17:24:20,522[0;39m [32m[INFO][0;39m jdbc.migration.dao.demo.DemoApplicationTests main [32mStarted DemoApplicationTests in 2.833 seconds (JVM running for 4.3)
[0;39m[31m2024-03-25 17:24:21,466[0;39m [32m[INFO][0;39m com.zaxxer.hikari.HikariDataSource SpringApplicationShutdownHook [32mHikariPool-1 - Shutdown initiated...
[0;39m[31m2024-03-25 17:24:21,479[0;39m [32m[INFO][0;39m com.zaxxer.hikari.HikariDataSource SpringApplicationShutdownHook [32mHikariPool-1 - Shutdown completed.
[0;39m[31m2024-03-25 17:26:53,947[0;39m [32m[INFO][0;39m jdbc.migration.dao.demo.DemoApplicationTests main [32mStarting DemoApplicationTests using Java 1.8.0_292 on WPF45HZ5M with PID 3856 (started by xxnlnnpa in C:\Users\xxnlnnpa\Documents\DLTE-JAVA-FULLSTACK-AKASH-2024\DLTE-Spring\Tasks\jdbcmigrationfromdao)
[0;39m[31m2024-03-25 17:26:53,976[0;39m [32m[INFO][0;39m jdbc.migration.dao.demo.DemoApplicationTests main [32mNo active profile set, falling back to 1 default profile: "default"
[0;39m[31m2024-03-25 17:26:54,482[0;39m [32m[INFO][0;39m org.springframework.data.repository.config.RepositoryConfigurationDelegate main [32mBootstrapping Spring Data JDBC repositories in DEFAULT mode.
[0;39m[31m2024-03-25 17:26:54,497[0;39m [32m[INFO][0;39m org.springframework.data.repository.config.RepositoryConfigurationDelegate main [32mFinished Spring Data repository scanning in 8 ms. Found 0 JDBC repository interfaces.
[0;39m[31m2024-03-25 17:26:55,730[0;39m [32m[INFO][0;39m com.zaxxer.hikari.HikariDataSource main [32mHikariPool-1 - Starting...
[0;39m[31m2024-03-25 17:26:55,741[0;39m [32m[WARN][0;39m com.zaxxer.hikari.util.DriverDataSource main [32mRegistered driver with driverClassName=oracle.jdbc.driver.OracleDriver was not found, trying direct instantiation.
[0;39m[31m2024-03-25 17:26:56,164[0;39m [32m[INFO][0;39m com.zaxxer.hikari.pool.PoolBase main [32mHikariPool-1 - Driver does not support get/set network timeout for connections. (oracle.jdbc.driver.T4CConnection.getNetworkTimeout()I)
[0;39m[31m2024-03-25 17:26:56,164[0;39m [32m[INFO][0;39m com.zaxxer.hikari.HikariDataSource main [32mHikariPool-1 - Start completed.
[0;39m[31m2024-03-25 17:26:56,352[0;39m [32m[INFO][0;39m jdbc.migration.dao.demo.DemoApplicationTests main [32mStarted DemoApplicationTests in 2.755 seconds (JVM running for 4.059)
[0;39m[31m2024-03-25 17:27:00,408[0;39m [32m[INFO][0;39m jdbc.migration.dao.demo.DemoApplicationTests main [32mStarting DemoApplicationTests using Java 1.8.0_292 on WPF45HZ5M with PID 14568 (started by xxnlnnpa in C:\Users\xxnlnnpa\Documents\DLTE-JAVA-FULLSTACK-AKASH-2024\DLTE-Spring\Tasks\jdbcmigrationfromdao)
[0;39m[31m2024-03-25 17:27:00,408[0;39m [32m[INFO][0;39m jdbc.migration.dao.demo.DemoApplicationTests main [32mNo active profile set, falling back to 1 default profile: "default"
[0;39m[31m2024-03-25 17:27:01,023[0;39m [32m[INFO][0;39m org.springframework.data.repository.config.RepositoryConfigurationDelegate main [32mBootstrapping Spring Data JDBC repositories in DEFAULT mode.
[0;39m[31m2024-03-25 17:27:01,046[0;39m [32m[INFO][0;39m org.springframework.data.repository.config.RepositoryConfigurationDelegate main [32mFinished Spring Data repository scanning in 6 ms. Found 0 JDBC repository interfaces.
[0;39m[31m2024-03-25 17:27:02,459[0;39m [32m[INFO][0;39m com.zaxxer.hikari.HikariDataSource main [32mHikariPool-1 - Starting...
[0;39m[31m2024-03-25 17:27:02,474[0;39m [32m[WARN][0;39m com.zaxxer.hikari.util.DriverDataSource main [32mRegistered driver with driverClassName=oracle.jdbc.driver.OracleDriver was not found, trying direct instantiation.
[0;39m[31m2024-03-25 17:27:02,822[0;39m [32m[INFO][0;39m com.zaxxer.hikari.pool.PoolBase main [32mHikariPool-1 - Driver does not support get/set network timeout for connections. (oracle.jdbc.driver.T4CConnection.getNetworkTimeout()I)
[0;39m[31m2024-03-25 17:27:02,822[0;39m [32m[INFO][0;39m com.zaxxer.hikari.HikariDataSource main [32mHikariPool-1 - Start completed.
[0;39m[31m2024-03-25 17:27:03,058[0;39m [32m[INFO][0;39m jdbc.migration.dao.demo.DemoApplicationTests main [32mStarted DemoApplicationTests in 3.492 seconds (JVM running for 5.347)
[0;39m[31m2024-03-25 17:27:03,879[0;39m [32m[INFO][0;39m com.zaxxer.hikari.HikariDataSource SpringApplicationShutdownHook [32mHikariPool-1 - Shutdown initiated...
[0;39m[31m2024-03-25 17:27:03,900[0;39m [32m[INFO][0;39m com.zaxxer.hikari.HikariDataSource SpringApplicationShutdownHook [32mHikariPool-1 - Shutdown completed.
[0;39m[31m2024-03-25 17:52:27,976[0;39m [32m[INFO][0;39m jdbc.migration.dao.demo.EndPointTesting main [32mStarting EndPointTesting using Java 1.8.0_292 on WPF45HZ5M with PID 17552 (started by xxnlnnpa in C:\Users\xxnlnnpa\Documents\DLTE-JAVA-FULLSTACK-AKASH-2024\DLTE-Spring\Tasks\jdbcmigrationfromdao)
[0;39m[31m2024-03-25 17:52:27,976[0;39m [32m[INFO][0;39m jdbc.migration.dao.demo.EndPointTesting main [32mNo active profile set, falling back to 1 default profile: "default"
[0;39m[31m2024-03-25 17:52:28,572[0;39m [32m[INFO][0;39m org.springframework.data.repository.config.RepositoryConfigurationDelegate main [32mBootstrapping Spring Data JDBC repositories in DEFAULT mode.
[0;39m[31m2024-03-25 17:52:28,572[0;39m [32m[INFO][0;39m org.springframework.data.repository.config.RepositoryConfigurationDelegate main [32mFinished Spring Data repository scanning in 6 ms. Found 0 JDBC repository interfaces.
[0;39m[31m2024-03-25 17:52:30,160[0;39m [32m[INFO][0;39m com.zaxxer.hikari.HikariDataSource main [32mHikariPool-1 - Starting...
[0;39m[31m2024-03-25 17:52:30,160[0;39m [32m[WARN][0;39m com.zaxxer.hikari.util.DriverDataSource main [32mRegistered driver with driverClassName=oracle.jdbc.driver.OracleDriver was not found, trying direct instantiation.
[0;39m[31m2024-03-25 17:52:30,523[0;39m [32m[INFO][0;39m com.zaxxer.hikari.pool.PoolBase main [32mHikariPool-1 - Driver does not support get/set network timeout for connections. (oracle.jdbc.driver.T4CConnection.getNetworkTimeout()I)
[0;39m[31m2024-03-25 17:52:30,523[0;39m [32m[INFO][0;39m com.zaxxer.hikari.HikariDataSource main [32mHikariPool-1 - Start completed.
[0;39m[31m2024-03-25 17:52:30,762[0;39m [32m[INFO][0;39m org.springframework.boot.test.mock.web.SpringBootMockServletContext main [32mInitializing Spring TestDispatcherServlet ''
[0;39m[31m2024-03-25 17:52:30,762[0;39m [32m[INFO][0;39m org.springframework.test.web.servlet.TestDispatcherServlet main [32mInitializing Servlet ''
[0;39m[31m2024-03-25 17:52:30,762[0;39m [32m[INFO][0;39m org.springframework.test.web.servlet.TestDispatcherServlet main [32mCompleted initialization in 0 ms
[0;39m[31m2024-03-25 17:52:30,791[0;39m [32m[INFO][0;39m jdbc.migration.dao.demo.EndPointTesting main [32mStarted EndPointTesting in 3.164 seconds (JVM running for 4.816)
[0;39m[31m2024-03-25 17:52:31,101[0;39m [32m[INFO][0;39m com.zaxxer.hikari.HikariDataSource SpringApplicationShutdownHook [32mHikariPool-1 - Shutdown initiated...
[0;39m[31m2024-03-25 17:52:31,109[0;39m [32m[INFO][0;39m com.zaxxer.hikari.HikariDataSource SpringApplicationShutdownHook [32mHikariPool-1 - Shutdown completed.
[0;39m[31m2024-03-25 17:54:42,324[0;39m [32m[INFO][0;39m jdbc.migration.dao.demo.EndPointTesting main [32mStarting EndPointTesting using Java 1.8.0_292 on WPF45HZ5M with PID 29948 (started by xxnlnnpa in C:\Users\xxnlnnpa\Documents\DLTE-JAVA-FULLSTACK-AKASH-2024\DLTE-Spring\Tasks\jdbcmigrationfromdao)
[0;39m[31m2024-03-25 17:54:42,324[0;39m [32m[INFO][0;39m jdbc.migration.dao.demo.EndPointTesting main [32mNo active profile set, falling back to 1 default profile: "default"
[0;39m[31m2024-03-25 17:54:42,843[0;39m [32m[INFO][0;39m org.springframework.data.repository.config.RepositoryConfigurationDelegate main [32mBootstrapping Spring Data JDBC repositories in DEFAULT mode.
[0;39m[31m2024-03-25 17:54:42,859[0;39m [32m[INFO][0;39m org.springframework.data.repository.config.RepositoryConfigurationDelegate main [32mFinished Spring Data repository scanning in 9 ms. Found 0 JDBC repository interfaces.
[0;39m[31m2024-03-25 17:54:44,354[0;39m [32m[INFO][0;39m com.zaxxer.hikari.HikariDataSource main [32mHikariPool-1 - Starting...
[0;39m[31m2024-03-25 17:54:44,361[0;39m [32m[WARN][0;39m com.zaxxer.hikari.util.DriverDataSource main [32mRegistered driver with driverClassName=oracle.jdbc.driver.OracleDriver was not found, trying direct instantiation.
[0;39m[31m2024-03-25 17:54:44,661[0;39m [32m[INFO][0;39m com.zaxxer.hikari.pool.PoolBase main [32mHikariPool-1 - Driver does not support get/set network timeout for connections. (oracle.jdbc.driver.T4CConnection.getNetworkTimeout()I)
[0;39m[31m2024-03-25 17:54:44,661[0;39m [32m[INFO][0;39m com.zaxxer.hikari.HikariDataSource main [32mHikariPool-1 - Start completed.
[0;39m[31m2024-03-25 17:54:44,861[0;39m [32m[INFO][0;39m org.springframework.boot.test.mock.web.SpringBootMockServletContext main [32mInitializing Spring TestDispatcherServlet ''
[0;39m[31m2024-03-25 17:54:44,861[0;39m [32m[INFO][0;39m org.springframework.test.web.servlet.TestDispatcherServlet main [32mInitializing Servlet ''
[0;39m[31m2024-03-25 17:54:44,861[0;39m [32m[INFO][0;39m org.springframework.test.web.servlet.TestDispatcherServlet main [32mCompleted initialization in 0 ms
[0;39m[31m2024-03-25 17:54:44,890[0;39m [32m[INFO][0;39m jdbc.migration.dao.demo.EndPointTesting main [32mStarted EndPointTesting in 2.984 seconds (JVM running for 4.166)
[0;39m[31m2024-03-25 17:54:45,189[0;39m [32m[INFO][0;39m com.zaxxer.hikari.HikariDataSource SpringApplicationShutdownHook [32mHikariPool-1 - Shutdown initiated...
[0;39m[31m2024-03-25 17:54:45,203[0;39m [32m[INFO][0;39m com.zaxxer.hikari.HikariDataSource SpringApplicationShutdownHook [32mHikariPool-1 - Shutdown completed.
[0;39m[31m2024-03-25 18:03:22,092[0;39m [32m[INFO][0;39m jdbc.migration.dao.demo.EndPointTesting main [32mStarting EndPointTesting using Java 1.8.0_292 on WPF45HZ5M with PID 5808 (started by xxnlnnpa in C:\Users\xxnlnnpa\Documents\DLTE-JAVA-FULLSTACK-AKASH-2024\DLTE-Spring\Tasks\jdbcmigrationfromdao)
[0;39m[31m2024-03-25 18:03:22,092[0;39m [32m[INFO][0;39m jdbc.migration.dao.demo.EndPointTesting main [32mNo active profile set, falling back to 1 default profile: "default"
[0;39m[31m2024-03-25 18:03:22,572[0;39m [32m[INFO][0;39m org.springframework.data.repository.config.RepositoryConfigurationDelegate main [32mBootstrapping Spring Data JDBC repositories in DEFAULT mode.
[0;39m[31m2024-03-25 18:03:22,588[0;39m [32m[INFO][0;39m org.springframework.data.repository.config.RepositoryConfigurationDelegate main [32mFinished Spring Data repository scanning in 5 ms. Found 0 JDBC repository interfaces.
[0;39m[31m2024-03-25 18:03:24,099[0;39m [32m[INFO][0;39m com.zaxxer.hikari.HikariDataSource main [32mHikariPool-1 - Starting...
[0;39m[31m2024-03-25 18:03:24,099[0;39m [32m[WARN][0;39m com.zaxxer.hikari.util.DriverDataSource main [32mRegistered driver with driverClassName=oracle.jdbc.driver.OracleDriver was not found, trying direct instantiation.
[0;39m[31m2024-03-25 18:03:24,446[0;39m [32m[INFO][0;39m com.zaxxer.hikari.pool.PoolBase main [32mHikariPool-1 - Driver does not support get/set network timeout for connections. (oracle.jdbc.driver.T4CConnection.getNetworkTimeout()I)
[0;39m[31m2024-03-25 18:03:24,446[0;39m [32m[INFO][0;39m com.zaxxer.hikari.HikariDataSource main [32mHikariPool-1 - Start completed.
[0;39m[31m2024-03-25 18:03:24,666[0;39m [32m[INFO][0;39m org.springframework.boot.test.mock.web.SpringBootMockServletContext main [32mInitializing Spring TestDispatcherServlet ''
[0;39m[31m2024-03-25 18:03:24,666[0;39m [32m[INFO][0;39m org.springframework.test.web.servlet.TestDispatcherServlet main [32mInitializing Servlet ''
[0;39m[31m2024-03-25 18:03:24,666[0;39m [32m[INFO][0;39m org.springframework.test.web.servlet.TestDispatcherServlet main [32mCompleted initialization in 0 ms
[0;39m[31m2024-03-25 18:03:24,697[0;39m [32m[INFO][0;39m jdbc.migration.dao.demo.EndPointTesting main [32mStarted EndPointTesting in 2.957 seconds (JVM running for 4.304)
[0;39m[31m2024-03-25 18:03:24,901[0;39m [32m[INFO][0;39m com.zaxxer.hikari.HikariDataSource SpringApplicationShutdownHook [32mHikariPool-1 - Shutdown initiated...
[0;39m[31m2024-03-25 18:03:24,914[0;39m [32m[INFO][0;39m com.zaxxer.hikari.HikariDataSource SpringApplicationShutdownHook [32mHikariPool-1 - Shutdown completed.
[0;39m[31m2024-03-25 18:04:55,482[0;39m [32m[INFO][0;39m jdbc.migration.dao.demo.EndPointTesting main [32mStarting EndPointTesting using Java 1.8.0_292 on WPF45HZ5M with PID 17680 (started by xxnlnnpa in C:\Users\xxnlnnpa\Documents\DLTE-JAVA-FULLSTACK-AKASH-2024\DLTE-Spring\Tasks\jdbcmigrationfromdao)
[0;39m[31m2024-03-25 18:04:55,482[0;39m [32m[INFO][0;39m jdbc.migration.dao.demo.EndPointTesting main [32mNo active profile set, falling back to 1 default profile: "default"
[0;39m[31m2024-03-25 18:04:56,050[0;39m [32m[INFO][0;39m org.springframework.data.repository.config.RepositoryConfigurationDelegate main [32mBootstrapping Spring Data JDBC repositories in DEFAULT mode.
[0;39m[31m2024-03-25 18:04:56,066[0;39m [32m[INFO][0;39m org.springframework.data.repository.config.RepositoryConfigurationDelegate main [32mFinished Spring Data repository scanning in 6 ms. Found 0 JDBC repository interfaces.
[0;39m[31m2024-03-25 18:04:57,672[0;39m [32m[INFO][0;39m com.zaxxer.hikari.HikariDataSource main [32mHikariPool-1 - Starting...
[0;39m[31m2024-03-25 18:04:57,672[0;39m [32m[WARN][0;39m com.zaxxer.hikari.util.DriverDataSource main [32mRegistered driver with driverClassName=oracle.jdbc.driver.OracleDriver was not found, trying direct instantiation.
[0;39m[31m2024-03-25 18:04:58,036[0;39m [32m[INFO][0;39m com.zaxxer.hikari.pool.PoolBase main [32mHikariPool-1 - Driver does not support get/set network timeout for connections. (oracle.jdbc.driver.T4CConnection.getNetworkTimeout()I)
[0;39m[31m2024-03-25 18:04:58,038[0;39m [32m[INFO][0;39m com.zaxxer.hikari.HikariDataSource main [32mHikariPool-1 - Start completed.
[0;39m[31m2024-03-25 18:04:58,288[0;39m [32m[INFO][0;39m org.springframework.boot.test.mock.web.SpringBootMockServletContext main [32mInitializing Spring TestDispatcherServlet ''
[0;39m[31m2024-03-25 18:04:58,288[0;39m [32m[INFO][0;39m org.springframework.test.web.servlet.TestDispatcherServlet main [32mInitializing Servlet ''
[0;39m[31m2024-03-25 18:04:58,288[0;39m [32m[INFO][0;39m org.springframework.test.web.servlet.TestDispatcherServlet main [32mCompleted initialization in 0 ms
[0;39m[31m2024-03-25 18:04:58,316[0;39m [32m[INFO][0;39m jdbc.migration.dao.demo.EndPointTesting main [32mStarted EndPointTesting in 3.264 seconds (JVM running for 4.504)
[0;39m[31m2024-03-25 18:04:58,527[0;39m [32m[INFO][0;39m com.zaxxer.hikari.HikariDataSource SpringApplicationShutdownHook [32mHikariPool-1 - Shutdown initiated...
[0;39m[31m2024-03-25 18:04:58,535[0;39m [32m[INFO][0;39m com.zaxxer.hikari.HikariDataSource SpringApplicationShutdownHook [32mHikariPool-1 - Shutdown completed.
[0;39m[31m2024-03-25 18:05:30,848[0;39m [32m[INFO][0;39m jdbc.migration.dao.demo.EndPointTesting main [32mStarting EndPointTesting using Java 1.8.0_292 on WPF45HZ5M with PID 9572 (started by xxnlnnpa in C:\Users\xxnlnnpa\Documents\DLTE-JAVA-FULLSTACK-AKASH-2024\DLTE-Spring\Tasks\jdbcmigrationfromdao)
[0;39m[31m2024-03-25 18:05:30,848[0;39m [32m[INFO][0;39m jdbc.migration.dao.demo.EndPointTesting main [32mNo active profile set, falling back to 1 default profile: "default"
[0;39m[31m2024-03-25 18:05:31,399[0;39m [32m[INFO][0;39m org.springframework.data.repository.config.RepositoryConfigurationDelegate main [32mBootstrapping Spring Data JDBC repositories in DEFAULT mode.
[0;39m[31m2024-03-25 18:05:31,399[0;39m [32m[INFO][0;39m org.springframework.data.repository.config.RepositoryConfigurationDelegate main [32mFinished Spring Data repository scanning in 7 ms. Found 0 JDBC repository interfaces.
[0;39m[31m2024-03-25 18:05:32,985[0;39m [32m[INFO][0;39m com.zaxxer.hikari.HikariDataSource main [32mHikariPool-1 - Starting...
[0;39m[31m2024-03-25 18:05:33,001[0;39m [32m[WARN][0;39m com.zaxxer.hikari.util.DriverDataSource main [32mRegistered driver with driverClassName=oracle.jdbc.driver.OracleDriver was not found, trying direct instantiation.
[0;39m[31m2024-03-25 18:05:33,330[0;39m [32m[INFO][0;39m com.zaxxer.hikari.pool.PoolBase main [32mHikariPool-1 - Driver does not support get/set network timeout for connections. (oracle.jdbc.driver.T4CConnection.getNetworkTimeout()I)
[0;39m[31m2024-03-25 18:05:33,330[0;39m [32m[INFO][0;39m com.zaxxer.hikari.HikariDataSource main [32mHikariPool-1 - Start completed.
[0;39m[31m2024-03-25 18:05:33,600[0;39m [32m[INFO][0;39m org.springframework.boot.test.mock.web.SpringBootMockServletContext main [32mInitializing Spring TestDispatcherServlet ''
[0;39m[31m2024-03-25 18:05:33,600[0;39m [32m[INFO][0;39m org.springframework.test.web.servlet.TestDispatcherServlet main [32mInitializing Servlet ''
[0;39m[31m2024-03-25 18:05:33,600[0;39m [32m[INFO][0;39m org.springframework.test.web.servlet.TestDispatcherServlet main [32mCompleted initialization in 0 ms
[0;39m[31m2024-03-25 18:05:33,631[0;39m [32m[INFO][0;39m jdbc.migration.dao.demo.EndPointTesting main [32mStarted EndPointTesting in 3.196 seconds (JVM running for 4.343)
[0;39m[31m2024-03-25 18:05:33,789[0;39m [32m[INFO][0;39m com.zaxxer.hikari.HikariDataSource SpringApplicationShutdownHook [32mHikariPool-1 - Shutdown initiated...
[0;39m[31m2024-03-25 18:05:33,801[0;39m [32m[INFO][0;39m com.zaxxer.hikari.HikariDataSource SpringApplicationShutdownHook [32mHikariPool-1 - Shutdown completed.
[0;39m[31m2024-03-25 18:06:24,067[0;39m [32m[INFO][0;39m jdbc.migration.dao.demo.DemoApplication restartedMain [32mStarting DemoApplication using Java 1.8.0_292 on WPF45HZ5M with PID 1996 (C:\Users\xxnlnnpa\Documents\DLTE-JAVA-FULLSTACK-AKASH-2024\DLTE-Spring\Tasks\jdbcmigrationfromdao\target\classes started by xxnlnnpa in C:\Users\xxnlnnpa\Documents\DLTE-JAVA-FULLSTACK-AKASH-2024\DLTE-Spring\Tasks\jdbcmigrationfromdao)
[0;39m[31m2024-03-25 18:06:24,067[0;39m [32m[INFO][0;39m jdbc.migration.dao.demo.DemoApplication restartedMain [32mNo active profile set, falling back to 1 default profile: "default"
[0;39m[31m2024-03-25 18:06:24,130[0;39m [32m[INFO][0;39m org.springframework.boot.devtools.restart.ChangeableUrls restartedMain [32mThe Class-Path manifest attribute in C:\Users\xxnlnnpa\.m2\repository\com\oracle\database\security\oraclepki\21.5.0.0\oraclepki-21.5.0.0.jar referenced one or more files that do not exist: file:/C:/Users/xxnlnnpa/.m2/repository/com/oracle/database/security/oraclepki/21.5.0.0/osdt_core.jar,file:/C:/Users/xxnlnnpa/.m2/repository/com/oracle/database/security/oraclepki/21.5.0.0/osdt_cert.jar,file:/C:/Users/xxnlnnpa/.m2/repository/com/oracle/database/security/oraclepki/oracle.osdt/osdt_core.jar,file:/C:/Users/xxnlnnpa/.m2/repository/com/oracle/database/security/oraclepki/oracle.osdt/osdt_cert.jar
[0;39m[31m2024-03-25 18:06:24,130[0;39m [32m[INFO][0;39m org.springframework.boot.devtools.env.DevToolsPropertyDefaultsPostProcessor restartedMain [32mDevtools property defaults active! Set 'spring.devtools.add-properties' to 'false' to disable
[0;39m[31m2024-03-25 18:06:24,130[0;39m [32m[INFO][0;39m org.springframework.boot.devtools.env.DevToolsPropertyDefaultsPostProcessor restartedMain [32mFor additional web related logging consider setting the 'logging.level.web' property to 'DEBUG'
[0;39m[31m2024-03-25 18:06:24,663[0;39m [32m[INFO][0;39m org.springframework.data.repository.config.RepositoryConfigurationDelegate restartedMain [32mBootstrapping Spring Data JDBC repositories in DEFAULT mode.
[0;39m[31m2024-03-25 18:06:24,679[0;39m [32m[INFO][0;39m org.springframework.data.repository.config.RepositoryConfigurationDelegate restartedMain [32mFinished Spring Data repository scanning in 4 ms. Found 0 JDBC repository interfaces.
[0;39m[31m2024-03-25 18:06:25,149[0;39m [32m[INFO][0;39m org.springframework.boot.web.embedded.tomcat.TomcatWebServer restartedMain [32mTomcat initialized with port(s): 8083 (http)
[0;39m[31m2024-03-25 18:06:25,149[0;39m [32m[INFO][0;39m org.apache.catalina.core.StandardService restartedMain [32mStarting service [Tomcat]
[0;39m[31m2024-03-25 18:06:25,149[0;39m [32m[INFO][0;39m org.apache.catalina.core.StandardEngine restartedMain [32mStarting Servlet engine: [Apache Tomcat/9.0.73]
[0;39m[31m2024-03-25 18:06:25,229[0;39m [32m[INFO][0;39m org.apache.catalina.core.ContainerBase.[Tomcat].[localhost].[/] restartedMain [32mInitializing Spring embedded WebApplicationContext
[0;39m[31m2024-03-25 18:06:25,229[0;39m [32m[INFO][0;39m org.springframework.boot.web.servlet.context.ServletWebServerApplicationContext restartedMain [32mRoot WebApplicationContext: initialization completed in 1099 ms
[0;39m[31m2024-03-25 18:06:25,559[0;39m [32m[INFO][0;39m com.zaxxer.hikari.HikariDataSource restartedMain [32mHikariPool-1 - Starting...
[0;39m[31m2024-03-25 18:06:25,559[0;39m [32m[WARN][0;39m com.zaxxer.hikari.util.DriverDataSource restartedMain [32mRegistered driver with driverClassName=oracle.jdbc.driver.OracleDriver was not found, trying direct instantiation.
[0;39m[31m2024-03-25 18:06:25,622[0;39m [32m[INFO][0;39m com.zaxxer.hikari.pool.PoolBase restartedMain [32mHikariPool-1 - Driver does not support get/set network timeout for connections. (oracle.jdbc.driver.T4CConnection.getNetworkTimeout()I)
[0;39m[31m2024-03-25 18:06:25,638[0;39m [32m[INFO][0;39m com.zaxxer.hikari.HikariDataSource restartedMain [32mHikariPool-1 - Start completed.
[0;39m[31m2024-03-25 18:06:25,748[0;39m [32m[INFO][0;39m org.springframework.boot.devtools.autoconfigure.OptionalLiveReloadServer restartedMain [32mLiveReload server is running on port 35729
[0;39m[31m2024-03-25 18:06:25,795[0;39m [32m[INFO][0;39m org.springframework.boot.web.embedded.tomcat.TomcatWebServer restartedMain [32mTomcat started on port(s): 8083 (http) with context path ''
[0;39m[31m2024-03-25 18:06:25,802[0;39m [32m[INFO][0;39m jdbc.migration.dao.demo.DemoApplication restartedMain [32mStarted DemoApplication in 2.091 seconds (JVM running for 2.957)
[0;39m[31m2024-03-25 18:06:46,649[0;39m [32m[INFO][0;39m jdbc.migration.dao.demo.EndPointTesting main [32mStarting EndPointTesting using Java 1.8.0_292 on WPF45HZ5M with PID 22456 (started by xxnlnnpa in C:\Users\xxnlnnpa\Documents\DLTE-JAVA-FULLSTACK-AKASH-2024\DLTE-Spring\Tasks\jdbcmigrationfromdao)
[0;39m[31m2024-03-25 18:06:46,649[0;39m [32m[INFO][0;39m jdbc.migration.dao.demo.EndPointTesting main [32mNo active profile set, falling back to 1 default profile: "default"
[0;39m[31m2024-03-25 18:06:47,184[0;39m [32m[INFO][0;39m org.springframework.data.repository.config.RepositoryConfigurationDelegate main [32mBootstrapping Spring Data JDBC repositories in DEFAULT mode.
[0;39m[31m2024-03-25 18:06:47,200[0;39m [32m[INFO][0;39m org.springframework.data.repository.config.RepositoryConfigurationDelegate main [32mFinished Spring Data repository scanning in 8 ms. Found 0 JDBC repository interfaces.
[0;39m[31m2024-03-25 18:06:48,771[0;39m [32m[INFO][0;39m com.zaxxer.hikari.HikariDataSource main [32mHikariPool-1 - Starting...
[0;39m[31m2024-03-25 18:06:48,771[0;39m [32m[WARN][0;39m com.zaxxer.hikari.util.DriverDataSource main [32mRegistered driver with driverClassName=oracle.jdbc.driver.OracleDriver was not found, trying direct instantiation.
[0;39m[31m2024-03-25 18:06:49,086[0;39m [32m[INFO][0;39m com.zaxxer.hikari.pool.PoolBase main [32mHikariPool-1 - Driver does not support get/set network timeout for connections. (oracle.jdbc.driver.T4CConnection.getNetworkTimeout()I)
[0;39m[31m2024-03-25 18:06:49,101[0;39m [32m[INFO][0;39m com.zaxxer.hikari.HikariDataSource main [32mHikariPool-1 - Start completed.
[0;39m[31m2024-03-25 18:06:49,290[0;39m [32m[INFO][0;39m org.springframework.boot.test.mock.web.SpringBootMockServletContext main [32mInitializing Spring TestDispatcherServlet ''
[0;39m[31m2024-03-25 18:06:49,290[0;39m [32m[INFO][0;39m org.springframework.test.web.servlet.TestDispatcherServlet main [32mInitializing Servlet ''
[0;39m[31m2024-03-25 18:06:49,290[0;39m [32m[INFO][0;39m org.springframework.test.web.servlet.TestDispatcherServlet main [32mCompleted initialization in 0 ms
[0;39m[31m2024-03-25 18:06:49,321[0;39m [32m[INFO][0;39m jdbc.migration.dao.demo.EndPointTesting main [32mStarted EndPointTesting in 3.063 seconds (JVM running for 4.294)
[0;39m[31m2024-03-25 18:06:49,528[0;39m [32m[INFO][0;39m com.zaxxer.hikari.HikariDataSource SpringApplicationShutdownHook [32mHikariPool-1 - Shutdown initiated...
[0;39m[31m2024-03-25 18:06:49,560[0;39m [32m[INFO][0;39m com.zaxxer.hikari.HikariDataSource SpringApplicationShutdownHook [32mHikariPool-1 - Shutdown completed.
[0;39m[31m2024-03-25 18:08:25,976[0;39m [32m[INFO][0;39m jdbc.migration.dao.demo.EndPointTesting main [32mStarting EndPointTesting using Java 1.8.0_292 on WPF45HZ5M with PID 27924 (started by xxnlnnpa in C:\Users\xxnlnnpa\Documents\DLTE-JAVA-FULLSTACK-AKASH-2024\DLTE-Spring\Tasks\jdbcmigrationfromdao)
[0;39m[31m2024-03-25 18:08:25,976[0;39m [32m[INFO][0;39m jdbc.migration.dao.demo.EndPointTesting main [32mNo active profile set, falling back to 1 default profile: "default"
[0;39m[31m2024-03-25 18:08:26,495[0;39m [32m[INFO][0;39m org.springframework.data.repository.config.RepositoryConfigurationDelegate main [32mBootstrapping Spring Data JDBC repositories in DEFAULT mode.
[0;39m[31m2024-03-25 18:08:26,510[0;39m [32m[INFO][0;39m org.springframework.data.repository.config.RepositoryConfigurationDelegate main [32mFinished Spring Data repository scanning in 8 ms. Found 0 JDBC repository interfaces.
[0;39m[31m2024-03-25 18:08:27,940[0;39m [32m[INFO][0;39m com.zaxxer.hikari.HikariDataSource main [32mHikariPool-1 - Starting...
[0;39m[31m2024-03-25 18:08:27,940[0;39m [32m[WARN][0;39m com.zaxxer.hikari.util.DriverDataSource main [32mRegistered driver with driverClassName=oracle.jdbc.driver.OracleDriver was not found, trying direct instantiation.
[0;39m[31m2024-03-25 18:08:28,272[0;39m [32m[INFO][0;39m com.zaxxer.hikari.pool.PoolBase main [32mHikariPool-1 - Driver does not support get/set network timeout for connections. (oracle.jdbc.driver.T4CConnection.getNetworkTimeout()I)
[0;39m[31m2024-03-25 18:08:28,272[0;39m [32m[INFO][0;39m com.zaxxer.hikari.HikariDataSource main [32mHikariPool-1 - Start completed.
[0;39m[31m2024-03-25 18:08:28,477[0;39m [32m[INFO][0;39m org.springframework.boot.test.mock.web.SpringBootMockServletContext main [32mInitializing Spring TestDispatcherServlet ''
[0;39m[31m2024-03-25 18:08:28,477[0;39m [32m[INFO][0;39m org.springframework.test.web.servlet.TestDispatcherServlet main [32mInitializing Servlet ''
[0;39m[31m2024-03-25 18:08:28,480[0;39m [32m[INFO][0;39m org.springframework.test.web.servlet.TestDispatcherServlet main [32mCompleted initialization in 0 ms
[0;39m[31m2024-03-25 18:08:28,509[0;39m [32m[INFO][0;39m jdbc.migration.dao.demo.EndPointTesting main [32mStarted EndPointTesting in 2.981 seconds (JVM running for 4.074)
[0;39m[31m2024-03-25 18:08:28,686[0;39m [32m[INFO][0;39m com.zaxxer.hikari.HikariDataSource SpringApplicationShutdownHook [32mHikariPool-1 - Shutdown initiated...
[0;39m[31m2024-03-25 18:08:28,698[0;39m [32m[INFO][0;39m com.zaxxer.hikari.HikariDataSource SpringApplicationShutdownHook [32mHikariPool-1 - Shutdown completed.
[0;39m[31m2024-03-25 18:18:33,669[0;39m [32m[INFO][0;39m jdbc.migration.dao.demo.EndPointTesting main [32mStarting EndPointTesting using Java 1.8.0_292 on WPF45HZ5M with PID 26272 (started by xxnlnnpa in C:\Users\xxnlnnpa\Documents\DLTE-JAVA-FULLSTACK-AKASH-2024\DLTE-Spring\Tasks\jdbcmigrationfromdao)
[0;39m[31m2024-03-25 18:18:33,669[0;39m [32m[INFO][0;39m jdbc.migration.dao.demo.EndPointTesting main [32mNo active profile set, falling back to 1 default profile: "default"
[0;39m[31m2024-03-25 18:18:34,219[0;39m [32m[INFO][0;39m org.springframework.data.repository.config.RepositoryConfigurationDelegate main [32mBootstrapping Spring Data JDBC repositories in DEFAULT mode.
[0;39m[31m2024-03-25 18:18:34,219[0;39m [32m[INFO][0;39m org.springframework.data.repository.config.RepositoryConfigurationDelegate main [32mFinished Spring Data repository scanning in 7 ms. Found 0 JDBC repository interfaces.
[0;39m[31m2024-03-25 18:18:35,951[0;39m [32m[INFO][0;39m com.zaxxer.hikari.HikariDataSource main [32mHikariPool-1 - Starting...
[0;39m[31m2024-03-25 18:18:35,951[0;39m [32m[WARN][0;39m com.zaxxer.hikari.util.DriverDataSource main [32mRegistered driver with driverClassName=oracle.jdbc.driver.OracleDriver was not found, trying direct instantiation.
[0;39m[31m2024-03-25 18:18:36,454[0;39m [32m[INFO][0;39m com.zaxxer.hikari.pool.PoolBase main [32mHikariPool-1 - Driver does not support get/set network timeout for connections. (oracle.jdbc.driver.T4CConnection.getNetworkTimeout()I)
[0;39m[31m2024-03-25 18:18:36,471[0;39m [32m[INFO][0;39m com.zaxxer.hikari.HikariDataSource main [32mHikariPool-1 - Start completed.
[0;39m[31m2024-03-25 18:18:36,989[0;39m [32m[INFO][0;39m org.springframework.boot.test.mock.web.SpringBootMockServletContext main [32mInitializing Spring TestDispatcherServlet ''
[0;39m[31m2024-03-25 18:18:36,989[0;39m [32m[INFO][0;39m org.springframework.test.web.servlet.TestDispatcherServlet main [32mInitializing Servlet ''
[0;39m[31m2024-03-25 18:18:36,989[0;39m [32m[INFO][0;39m org.springframework.test.web.servlet.TestDispatcherServlet main [32mCompleted initialization in 0 ms
[0;39m[31m2024-03-25 18:18:37,020[0;39m [32m[INFO][0;39m jdbc.migration.dao.demo.EndPointTesting main [32mStarted EndPointTesting in 3.735 seconds (JVM running for 5.142)
[0;39m[31m2024-03-25 18:18:37,227[0;39m [32m[INFO][0;39m com.zaxxer.hikari.HikariDataSource SpringApplicationShutdownHook [32mHikariPool-1 - Shutdown initiated...
[0;39m[31m2024-03-25 18:18:37,227[0;39m [32m[INFO][0;39m com.zaxxer.hikari.HikariDataSource SpringApplicationShutdownHook [32mHikariPool-1 - Shutdown completed.
[0;39m[31m2024-03-25 18:19:07,291[0;39m [32m[INFO][0;39m jdbc.migration.dao.demo.EndPointTesting main [32mStarting EndPointTesting using Java 1.8.0_292 on WPF45HZ5M with PID 15468 (started by xxnlnnpa in C:\Users\xxnlnnpa\Documents\DLTE-JAVA-FULLSTACK-AKASH-2024\DLTE-Spring\Tasks\jdbcmigrationfromdao)
[0;39m[31m2024-03-25 18:19:07,291[0;39m [32m[INFO][0;39m jdbc.migration.dao.demo.EndPointTesting main [32mNo active profile set, falling back to 1 default profile: "default"
[0;39m[31m2024-03-25 18:19:07,793[0;39m [32m[INFO][0;39m org.springframework.data.repository.config.RepositoryConfigurationDelegate main [32mBootstrapping Spring Data JDBC repositories in DEFAULT mode.
[0;39m[31m2024-03-25 18:19:07,809[0;39m [32m[INFO][0;39m org.springframework.data.repository.config.RepositoryConfigurationDelegate main [32mFinished Spring Data repository scanning in 7 ms. Found 0 JDBC repository interfaces.
[0;39m[31m2024-03-25 18:19:09,253[0;39m [32m[INFO][0;39m com.zaxxer.hikari.HikariDataSource main [32mHikariPool-1 - Starting...
[0;39m[31m2024-03-25 18:19:09,253[0;39m [32m[WARN][0;39m com.zaxxer.hikari.util.DriverDataSource main [32mRegistered driver with driverClassName=oracle.jdbc.driver.OracleDriver was not found, trying direct instantiation.
[0;39m[31m2024-03-25 18:19:09,537[0;39m [32m[INFO][0;39m com.zaxxer.hikari.pool.PoolBase main [32mHikariPool-1 - Driver does not support get/set network timeout for connections. (oracle.jdbc.driver.T4CConnection.getNetworkTimeout()I)
[0;39m[31m2024-03-25 18:19:09,537[0;39m [32m[INFO][0;39m com.zaxxer.hikari.HikariDataSource main [32mHikariPool-1 - Start completed.
[0;39m[31m2024-03-25 18:19:09,742[0;39m [32m[INFO][0;39m org.springframework.boot.test.mock.web.SpringBootMockServletContext main [32mInitializing Spring TestDispatcherServlet ''
[0;39m[31m2024-03-25 18:19:09,742[0;39m [32m[INFO][0;39m org.springframework.test.web.servlet.TestDispatcherServlet main [32mInitializing Servlet ''
[0;39m[31m2024-03-25 18:19:09,742[0;39m [32m[INFO][0;39m org.springframework.test.web.servlet.TestDispatcherServlet main [32mCompleted initialization in 0 ms
[0;39m[31m2024-03-25 18:19:09,773[0;39m [32m[INFO][0;39m jdbc.migration.dao.demo.EndPointTesting main [32mStarted EndPointTesting in 2.856 seconds (JVM running for 4.004)
[0;39m[31m2024-03-25 18:19:10,057[0;39m [32m[INFO][0;39m com.zaxxer.hikari.HikariDataSource SpringApplicationShutdownHook [32mHikariPool-1 - Shutdown initiated...
[0;39m[31m2024-03-25 18:19:10,073[0;39m [32m[INFO][0;39m com.zaxxer.hikari.HikariDataSource SpringApplicationShutdownHook [32mHikariPool-1 - Shutdown completed.
[0;39m[31m2024-03-25 18:25:28,443[0;39m [32m[INFO][0;39m jdbc.migration.dao.demo.EndPointTesting main [32mStarting EndPointTesting using Java 1.8.0_292 on WPF45HZ5M with PID 22648 (started by xxnlnnpa in C:\Users\xxnlnnpa\Documents\DLTE-JAVA-FULLSTACK-AKASH-2024\DLTE-Spring\Tasks\jdbcmigrationfromdao)
[0;39m[31m2024-03-25 18:25:28,443[0;39m [32m[INFO][0;39m jdbc.migration.dao.demo.EndPointTesting main [32mNo active profile set, falling back to 1 default profile: "default"
[0;39m[31m2024-03-25 18:25:29,000[0;39m [32m[INFO][0;39m org.springframework.data.repository.config.RepositoryConfigurationDelegate main [32mBootstrapping Spring Data JDBC repositories in DEFAULT mode.
[0;39m[31m2024-03-25 18:25:29,009[0;39m [32m[INFO][0;39m org.springframework.data.repository.config.RepositoryConfigurationDelegate main [32mFinished Spring Data repository scanning in 8 ms. Found 0 JDBC repository interfaces.
[0;39m[31m2024-03-25 18:25:30,659[0;39m [32m[INFO][0;39m com.zaxxer.hikari.HikariDataSource main [32mHikariPool-1 - Starting...
[0;39m[31m2024-03-25 18:25:30,659[0;39m [32m[WARN][0;39m com.zaxxer.hikari.util.DriverDataSource main [32mRegistered driver with driverClassName=oracle.jdbc.driver.OracleDriver was not found, trying direct instantiation.
[0;39m[31m2024-03-25 18:25:31,038[0;39m [32m[INFO][0;39m com.zaxxer.hikari.pool.PoolBase main [32mHikariPool-1 - Driver does not support get/set network timeout for connections. (oracle.jdbc.driver.T4CConnection.getNetworkTimeout()I)
[0;39m[31m2024-03-25 18:25:31,038[0;39m [32m[INFO][0;39m com.zaxxer.hikari.HikariDataSource main [32mHikariPool-1 - Start completed.
[0;39m[31m2024-03-25 18:25:31,290[0;39m [32m[INFO][0;39m org.springframework.boot.test.mock.web.SpringBootMockServletContext main [32mInitializing Spring TestDispatcherServlet ''
[0;39m[31m2024-03-25 18:25:31,290[0;39m [32m[INFO][0;39m org.springframework.test.web.servlet.TestDispatcherServlet main [32mInitializing Servlet ''
[0;39m[31m2024-03-25 18:25:31,293[0;39m [32m[INFO][0;39m org.springframework.test.web.servlet.TestDispatcherServlet main [32mCompleted initialization in 3 ms
[0;39m[31m2024-03-25 18:25:31,322[0;39m [32m[INFO][0;39m jdbc.migration.dao.demo.EndPointTesting main [32mStarted EndPointTesting in 3.322 seconds (JVM running for 4.572)
[0;39m[31m2024-03-25 18:25:31,683[0;39m [32m[INFO][0;39m com.zaxxer.hikari.HikariDataSource SpringApplicationShutdownHook [32mHikariPool-1 - Shutdown initiated...
[0;39m[31m2024-03-25 18:25:31,694[0;39m [32m[INFO][0;39m com.zaxxer.hikari.HikariDataSource SpringApplicationShutdownHook [32mHikariPool-1 - Shutdown completed.
[0;39m